2026-03-29T22:36:22.957+08:00  INFO 56124 --- [vision-admin] [main] com.vision.VisionApplication             : Starting VisionApplication using Java 21 with PID 56124 (E:\workspace\backend\company\vision-repo\vision-admin\target\classes started by seefly in E:\workspace\backend\company\vision-repo\vision-admin)
2026-03-29T22:36:22.958+08:00 DEBUG 56124 --- [vision-admin] [main] com.vision.VisionApplication             : Running with Spring Boot v3.2.5, Spring v6.1.6
2026-03-29T22:36:22.959+08:00  INFO 56124 --- [vision-admin] [main] com.vision.VisionApplication             : The following 1 profile is active: "dev"
2026-03-29T22:36:23.751+08:00  INFO 56124 --- [vision-admin] [main] o.s.b.w.embedded.tomcat.TomcatWebServer  : Tomcat initialized with port 8080 (http)
2026-03-29T22:36:23.759+08:00  INFO 56124 --- [vision-admin] [main] o.apache.catalina.core.StandardService   : Starting service [Tomcat]
2026-03-29T22:36:23.759+08:00  INFO 56124 --- [vision-admin] [main] o.apache.catalina.core.StandardEngine    : Starting Servlet engine: [Apache Tomcat/10.1.20]
2026-03-29T22:36:23.803+08:00  INFO 56124 --- [vision-admin] [main] o.a.c.c.C.[Tomcat].[localhost].[/]       : Initializing Spring embedded WebApplicationContext
2026-03-29T22:36:23.803+08:00  INFO 56124 --- [vision-admin] [main] w.s.c.ServletWebServerApplicationContext : Root WebApplicationContext: initialization completed in 813 ms
2026-03-29T22:36:23.991+08:00 DEBUG 56124 --- [vision-admin] [main] c.b.m.e.s.MybatisSqlSessionFactoryBean   : Parsed mapper file: 'file [E:\workspace\backend\company\vision-repo\vision-admin\target\classes\mapper\alert\AlertMapper.xml]'
2026-03-29T22:36:24.007+08:00 DEBUG 56124 --- [vision-admin] [main] c.b.m.e.s.MybatisSqlSessionFactoryBean   : Parsed mapper file: 'file [E:\workspace\backend\company\vision-repo\vision-admin\target\classes\mapper\camera\CameraGroupMapper.xml]'
2026-03-29T22:36:24.020+08:00 DEBUG 56124 --- [vision-admin] [main] c.b.m.e.s.MybatisSqlSessionFactoryBean   : Parsed mapper file: 'file [E:\workspace\backend\company\vision-repo\vision-admin\target\classes\mapper\camera\CameraMapper.xml]'
2026-03-29T22:36:24.030+08:00 DEBUG 56124 --- [vision-admin] [main] c.b.m.e.s.MybatisSqlSessionFactoryBean   : Parsed mapper file: 'file [E:\workspace\backend\company\vision-repo\vision-admin\target\classes\mapper\inference\DetectionMapper.xml]'
2026-03-29T22:36:24.048+08:00 ERROR 56124 --- [vision-admin] [main] c.b.m.core.MybatisConfiguration          : mapper[com.vision.inference.mapper.InferenceMapper.selectPageByCondition] is ignored, because it exists, maybe from xml file
2026-03-29T22:36:24.048+08:00 ERROR 56124 --- [vision-admin] [main] c.b.m.core.MybatisConfiguration          : mapper[com.vision.inference.mapper.InferenceMapper.countByTimeRange] is ignored, because it exists, maybe from xml file
2026-03-29T22:36:24.055+08:00 DEBUG 56124 --- [vision-admin] [main] c.b.m.e.s.MybatisSqlSessionFactoryBean   : Parsed mapper file: 'file [E:\workspace\backend\company\vision-repo\vision-admin\target\classes\mapper\inference\InferenceMapper.xml]'
2026-03-29T22:36:24.067+08:00 DEBUG 56124 --- [vision-admin] [main] c.b.m.e.s.MybatisSqlSessionFactoryBean   : Parsed mapper file: 'file [E:\workspace\backend\company\vision-repo\vision-admin\target\classes\mapper\model\ModelMapper.xml]'
2026-03-29T22:36:24.076+08:00 DEBUG 56124 --- [vision-admin] [main] c.b.m.e.s.MybatisSqlSessionFactoryBean   : Parsed mapper file: 'file [E:\workspace\backend\company\vision-repo\vision-admin\target\classes\mapper\model\ModelVersionMapper.xml]'
2026-03-29T22:36:24.086+08:00 DEBUG 56124 --- [vision-admin] [main] c.b.m.e.s.MybatisSqlSessionFactoryBean   : Parsed mapper file: 'file [E:\workspace\backend\company\vision-repo\vision-admin\target\classes\mapper\rule\RuleConditionMapper.xml]'
2026-03-29T22:36:24.096+08:00 DEBUG 56124 --- [vision-admin] [main] c.b.m.e.s.MybatisSqlSessionFactoryBean   : Parsed mapper file: 'file [E:\workspace\backend\company\vision-repo\vision-admin\target\classes\mapper\rule\RuleMapper.xml]'
2026-03-29T22:36:24.126+08:00  INFO 56124 --- [vision-admin] [main] com.zaxxer.hikari.HikariDataSource       : HikariPool-1 - Starting...
2026-03-29T22:36:24.218+08:00  INFO 56124 --- [vision-admin] [main] com.zaxxer.hikari.pool.HikariPool        : HikariPool-1 - Added connection org.postgresql.jdbc.PgConnection@3030836d
2026-03-29T22:36:24.219+08:00  INFO 56124 --- [vision-admin] [main] com.zaxxer.hikari.HikariDataSource       : HikariPool-1 - Start completed.
2026-03-29T22:36:24.269+08:00  INFO 56124 --- [vision-admin] [main] o.f.c.internal.license.VersionPrinter    : Flyway Community Edition 9.22.3 by Redgate
2026-03-29T22:36:24.270+08:00  INFO 56124 --- [vision-admin] [main] o.f.c.internal.license.VersionPrinter    : See release notes here: https://rd.gt/416ObMi
2026-03-29T22:36:24.270+08:00  INFO 56124 --- [vision-admin] [main] o.f.c.internal.license.VersionPrinter    : 
2026-03-29T22:36:24.291+08:00  WARN 56124 --- [vision-admin] [main] o.f.c.internal.database.base.Database    : Flyway upgrade recommended: PostgreSQL 16.0 is newer than this version of Flyway and support has not been tested. The latest supported version of PostgreSQL is 15.
2026-03-29T22:36:24.315+08:00  INFO 56124 --- [vision-admin] [main] o.f.core.internal.command.DbValidate     : Successfully validated 2 migrations (execution time 00:00.016s)
2026-03-29T22:36:24.346+08:00  INFO 56124 --- [vision-admin] [main] o.f.core.internal.command.DbMigrate      : Current version of schema "public": 2
2026-03-29T22:36:24.348+08:00  INFO 56124 --- [vision-admin] [main] o.f.core.internal.command.DbMigrate      : Schema "public" is up to date. No migration necessary.
2026-03-29T22:36:24.472+08:00  INFO 56124 --- [vision-admin] [main] com.vision.config.StorageConfig          : Initializing local storage service with base path: ./data/files
2026-03-29T22:36:24.473+08:00  INFO 56124 --- [vision-admin] [main] com.vision.storage.LocalStorageService   : Local storage base directory created/verified: .\data\files
2026-03-29T22:36:24.910+08:00  WARN 56124 --- [vision-admin] [main] ConfigServletWebServerApplicationContext : Exception encountered during context initialization - cancelling refresh attempt: org.springframework.context.ApplicationContextException: Failed to start bean 'webServerStartStop'
2026-03-29T22:36:24.911+08:00  INFO 56124 --- [vision-admin] [main] com.zaxxer.hikari.HikariDataSource       : HikariPool-1 - Shutdown initiated...
2026-03-29T22:36:24.913+08:00  INFO 56124 --- [vision-admin] [main] com.zaxxer.hikari.HikariDataSource       : HikariPool-1 - Shutdown completed.
2026-03-29T22:36:24.921+08:00  INFO 56124 --- [vision-admin] [main] .s.b.a.l.ConditionEvaluationReportLogger : 

Error starting ApplicationContext. To display the condition evaluation report re-run your application with 'debug' enabled.
2026-03-29T22:36:24.932+08:00 ERROR 56124 --- [vision-admin] [main] o.s.b.d.LoggingFailureAnalysisReporter   : 

***************************
APPLICATION FAILED TO START
***************************

Description:

Web server failed to start. Port 8080 was already in use.

Action:

Identify and stop the process that's listening on port 8080 or configure this application to listen on another port.

2026-03-29T22:37:08.586+08:00  INFO 53896 --- [vision-admin] [main] com.vision.VisionApplication             : Starting VisionApplication using Java 21 with PID 53896 (E:\workspace\backend\company\vision-repo\vision-admin\target\classes started by seefly in E:\workspace\backend\company\vision-repo\vision-admin)
2026-03-29T22:37:08.587+08:00 DEBUG 53896 --- [vision-admin] [main] com.vision.VisionApplication             : Running with Spring Boot v3.2.5, Spring v6.1.6
2026-03-29T22:37:08.588+08:00  INFO 53896 --- [vision-admin] [main] com.vision.VisionApplication             : The following 1 profile is active: "dev"
2026-03-29T22:37:09.390+08:00  INFO 53896 --- [vision-admin] [main] o.s.b.w.embedded.tomcat.TomcatWebServer  : Tomcat initialized with port 8080 (http)
2026-03-29T22:37:09.398+08:00  INFO 53896 --- [vision-admin] [main] o.apache.catalina.core.StandardService   : Starting service [Tomcat]
2026-03-29T22:37:09.398+08:00  INFO 53896 --- [vision-admin] [main] o.apache.catalina.core.StandardEngine    : Starting Servlet engine: [Apache Tomcat/10.1.20]
2026-03-29T22:37:09.444+08:00  INFO 53896 --- [vision-admin] [main] o.a.c.c.C.[Tomcat].[localhost].[/]       : Initializing Spring embedded WebApplicationContext
2026-03-29T22:37:09.444+08:00  INFO 53896 --- [vision-admin] [main] w.s.c.ServletWebServerApplicationContext : Root WebApplicationContext: initialization completed in 820 ms
2026-03-29T22:37:09.640+08:00 DEBUG 53896 --- [vision-admin] [main] c.b.m.e.s.MybatisSqlSessionFactoryBean   : Parsed mapper file: 'file [E:\workspace\backend\company\vision-repo\vision-admin\target\classes\mapper\alert\AlertMapper.xml]'
2026-03-29T22:37:09.657+08:00 DEBUG 53896 --- [vision-admin] [main] c.b.m.e.s.MybatisSqlSessionFactoryBean   : Parsed mapper file: 'file [E:\workspace\backend\company\vision-repo\vision-admin\target\classes\mapper\camera\CameraGroupMapper.xml]'
2026-03-29T22:37:09.673+08:00 DEBUG 53896 --- [vision-admin] [main] c.b.m.e.s.MybatisSqlSessionFactoryBean   : Parsed mapper file: 'file [E:\workspace\backend\company\vision-repo\vision-admin\target\classes\mapper\camera\CameraMapper.xml]'
2026-03-29T22:37:09.684+08:00 DEBUG 53896 --- [vision-admin] [main] c.b.m.e.s.MybatisSqlSessionFactoryBean   : Parsed mapper file: 'file [E:\workspace\backend\company\vision-repo\vision-admin\target\classes\mapper\inference\DetectionMapper.xml]'
2026-03-29T22:37:09.702+08:00 ERROR 53896 --- [vision-admin] [main] c.b.m.core.MybatisConfiguration          : mapper[com.vision.inference.mapper.InferenceMapper.countByTimeRange] is ignored, because it exists, maybe from xml file
2026-03-29T22:37:09.703+08:00 ERROR 53896 --- [vision-admin] [main] c.b.m.core.MybatisConfiguration          : mapper[com.vision.inference.mapper.InferenceMapper.selectPageByCondition] is ignored, because it exists, maybe from xml file
2026-03-29T22:37:09.712+08:00 DEBUG 53896 --- [vision-admin] [main] c.b.m.e.s.MybatisSqlSessionFactoryBean   : Parsed mapper file: 'file [E:\workspace\backend\company\vision-repo\vision-admin\target\classes\mapper\inference\InferenceMapper.xml]'
2026-03-29T22:37:09.724+08:00 DEBUG 53896 --- [vision-admin] [main] c.b.m.e.s.MybatisSqlSessionFactoryBean   : Parsed mapper file: 'file [E:\workspace\backend\company\vision-repo\vision-admin\target\classes\mapper\model\ModelMapper.xml]'
2026-03-29T22:37:09.733+08:00 DEBUG 53896 --- [vision-admin] [main] c.b.m.e.s.MybatisSqlSessionFactoryBean   : Parsed mapper file: 'file [E:\workspace\backend\company\vision-repo\vision-admin\target\classes\mapper\model\ModelVersionMapper.xml]'
2026-03-29T22:37:09.745+08:00 DEBUG 53896 --- [vision-admin] [main] c.b.m.e.s.MybatisSqlSessionFactoryBean   : Parsed mapper file: 'file [E:\workspace\backend\company\vision-repo\vision-admin\target\classes\mapper\rule\RuleConditionMapper.xml]'
2026-03-29T22:37:09.756+08:00 DEBUG 53896 --- [vision-admin] [main] c.b.m.e.s.MybatisSqlSessionFactoryBean   : Parsed mapper file: 'file [E:\workspace\backend\company\vision-repo\vision-admin\target\classes\mapper\rule\RuleMapper.xml]'
2026-03-29T22:37:09.794+08:00  INFO 53896 --- [vision-admin] [main] com.zaxxer.hikari.HikariDataSource       : HikariPool-1 - Starting...
2026-03-29T22:37:09.879+08:00  INFO 53896 --- [vision-admin] [main] com.zaxxer.hikari.pool.HikariPool        : HikariPool-1 - Added connection org.postgresql.jdbc.PgConnection@7cfb8e98
2026-03-29T22:37:09.881+08:00  INFO 53896 --- [vision-admin] [main] com.zaxxer.hikari.HikariDataSource       : HikariPool-1 - Start completed.
2026-03-29T22:37:09.923+08:00  INFO 53896 --- [vision-admin] [main] o.f.c.internal.license.VersionPrinter    : Flyway Community Edition 9.22.3 by Redgate
2026-03-29T22:37:09.923+08:00  INFO 53896 --- [vision-admin] [main] o.f.c.internal.license.VersionPrinter    : See release notes here: https://rd.gt/416ObMi
2026-03-29T22:37:09.923+08:00  INFO 53896 --- [vision-admin] [main] o.f.c.internal.license.VersionPrinter    : 
2026-03-29T22:37:09.944+08:00  WARN 53896 --- [vision-admin] [main] o.f.c.internal.database.base.Database    : Flyway upgrade recommended: PostgreSQL 16.0 is newer than this version of Flyway and support has not been tested. The latest supported version of PostgreSQL is 15.
2026-03-29T22:37:09.968+08:00  INFO 53896 --- [vision-admin] [main] o.f.core.internal.command.DbValidate     : Successfully validated 2 migrations (execution time 00:00.016s)
2026-03-29T22:37:09.995+08:00  INFO 53896 --- [vision-admin] [main] o.f.core.internal.command.DbMigrate      : Current version of schema "public": 2
2026-03-29T22:37:09.997+08:00  INFO 53896 --- [vision-admin] [main] o.f.core.internal.command.DbMigrate      : Schema "public" is up to date. No migration necessary.
2026-03-29T22:37:10.122+08:00  INFO 53896 --- [vision-admin] [main] com.vision.config.StorageConfig          : Initializing local storage service with base path: ./data/files
2026-03-29T22:37:10.124+08:00  INFO 53896 --- [vision-admin] [main] com.vision.storage.LocalStorageService   : Local storage base directory created/verified: .\data\files
2026-03-29T22:37:10.554+08:00  INFO 53896 --- [vision-admin] [main] o.s.b.w.embedded.tomcat.TomcatWebServer  : Tomcat started on port 8080 (http) with context path ''
2026-03-29T22:37:10.555+08:00  INFO 53896 --- [vision-admin] [main] o.s.m.s.b.SimpleBrokerMessageHandler     : Starting...
2026-03-29T22:37:10.555+08:00  INFO 53896 --- [vision-admin] [main] o.s.m.s.b.SimpleBrokerMessageHandler     : BrokerAvailabilityEvent[available=true, SimpleBrokerMessageHandler [org.springframework.messaging.simp.broker.DefaultSubscriptionRegistry@5bad555b]]
2026-03-29T22:37:10.556+08:00  INFO 53896 --- [vision-admin] [main] o.s.m.s.b.SimpleBrokerMessageHandler     : Started.
2026-03-29T22:37:10.560+08:00  INFO 53896 --- [vision-admin] [main] com.vision.VisionApplication             : Started VisionApplication in 2.251 seconds (process running for 2.472)
2026-03-29T22:37:10.562+08:00 DEBUG 53896 --- [vision-admin] [main] c.b.m.a.DdlApplicationRunner             :   ...  DDL start create  ...  
2026-03-29T22:37:10.562+08:00 DEBUG 53896 --- [vision-admin] [main] c.b.m.a.DdlApplicationRunner             :   ...  DDL end create  ...  
2026-03-29T22:37:20.576+08:00 DEBUG 53896 --- [vision-admin] [MessageBroker-1] c.v.capture.service.CaptureScheduler     : 开始扫描待抓图摄像头...
2026-03-29T22:37:20.616+08:00 DEBUG 53896 --- [vision-admin] [MessageBroker-1] c.v.capture.service.CaptureScheduler     : 无活跃摄像头需要抓图
2026-03-29T22:38:12.741+08:00  INFO 31032 --- [vision-admin] [main] com.vision.VisionApplication             : Starting VisionApplication using Java 21 with PID 31032 (E:\workspace\backend\company\vision-repo\vision-admin\target\classes started by seefly in E:\workspace\backend\company\vision-repo\vision-admin)
2026-03-29T22:38:12.742+08:00 DEBUG 31032 --- [vision-admin] [main] com.vision.VisionApplication             : Running with Spring Boot v3.2.5, Spring v6.1.6
2026-03-29T22:38:12.743+08:00  INFO 31032 --- [vision-admin] [main] com.vision.VisionApplication             : The following 1 profile is active: "dev"
2026-03-29T22:38:13.568+08:00  INFO 31032 --- [vision-admin] [main] o.s.b.w.embedded.tomcat.TomcatWebServer  : Tomcat initialized with port 8080 (http)
2026-03-29T22:38:13.576+08:00  INFO 31032 --- [vision-admin] [main] o.apache.catalina.core.StandardService   : Starting service [Tomcat]
2026-03-29T22:38:13.577+08:00  INFO 31032 --- [vision-admin] [main] o.apache.catalina.core.StandardEngine    : Starting Servlet engine: [Apache Tomcat/10.1.20]
2026-03-29T22:38:13.621+08:00  INFO 31032 --- [vision-admin] [main] o.a.c.c.C.[Tomcat].[localhost].[/]       : Initializing Spring embedded WebApplicationContext
2026-03-29T22:38:13.622+08:00  INFO 31032 --- [vision-admin] [main] w.s.c.ServletWebServerApplicationContext : Root WebApplicationContext: initialization completed in 847 ms
2026-03-29T22:38:13.815+08:00 DEBUG 31032 --- [vision-admin] [main] c.b.m.e.s.MybatisSqlSessionFactoryBean   : Parsed mapper file: 'file [E:\workspace\backend\company\vision-repo\vision-admin\target\classes\mapper\alert\AlertMapper.xml]'
2026-03-29T22:38:13.831+08:00 DEBUG 31032 --- [vision-admin] [main] c.b.m.e.s.MybatisSqlSessionFactoryBean   : Parsed mapper file: 'file [E:\workspace\backend\company\vision-repo\vision-admin\target\classes\mapper\camera\CameraGroupMapper.xml]'
2026-03-29T22:38:13.846+08:00 DEBUG 31032 --- [vision-admin] [main] c.b.m.e.s.MybatisSqlSessionFactoryBean   : Parsed mapper file: 'file [E:\workspace\backend\company\vision-repo\vision-admin\target\classes\mapper\camera\CameraMapper.xml]'
2026-03-29T22:38:13.856+08:00 DEBUG 31032 --- [vision-admin] [main] c.b.m.e.s.MybatisSqlSessionFactoryBean   : Parsed mapper file: 'file [E:\workspace\backend\company\vision-repo\vision-admin\target\classes\mapper\inference\DetectionMapper.xml]'
2026-03-29T22:38:13.875+08:00 ERROR 31032 --- [vision-admin] [main] c.b.m.core.MybatisConfiguration          : mapper[com.vision.inference.mapper.InferenceMapper.selectPageByCondition] is ignored, because it exists, maybe from xml file
2026-03-29T22:38:13.875+08:00 ERROR 31032 --- [vision-admin] [main] c.b.m.core.MybatisConfiguration          : mapper[com.vision.inference.mapper.InferenceMapper.countByTimeRange] is ignored, because it exists, maybe from xml file
2026-03-29T22:38:13.882+08:00 DEBUG 31032 --- [vision-admin] [main] c.b.m.e.s.MybatisSqlSessionFactoryBean   : Parsed mapper file: 'file [E:\workspace\backend\company\vision-repo\vision-admin\target\classes\mapper\inference\InferenceMapper.xml]'
2026-03-29T22:38:13.893+08:00 DEBUG 31032 --- [vision-admin] [main] c.b.m.e.s.MybatisSqlSessionFactoryBean   : Parsed mapper file: 'file [E:\workspace\backend\company\vision-repo\vision-admin\target\classes\mapper\model\ModelMapper.xml]'
2026-03-29T22:38:13.902+08:00 DEBUG 31032 --- [vision-admin] [main] c.b.m.e.s.MybatisSqlSessionFactoryBean   : Parsed mapper file: 'file [E:\workspace\backend\company\vision-repo\vision-admin\target\classes\mapper\model\ModelVersionMapper.xml]'
2026-03-29T22:38:13.913+08:00 DEBUG 31032 --- [vision-admin] [main] c.b.m.e.s.MybatisSqlSessionFactoryBean   : Parsed mapper file: 'file [E:\workspace\backend\company\vision-repo\vision-admin\target\classes\mapper\rule\RuleConditionMapper.xml]'
2026-03-29T22:38:13.924+08:00 DEBUG 31032 --- [vision-admin] [main] c.b.m.e.s.MybatisSqlSessionFactoryBean   : Parsed mapper file: 'file [E:\workspace\backend\company\vision-repo\vision-admin\target\classes\mapper\rule\RuleMapper.xml]'
2026-03-29T22:38:13.959+08:00  INFO 31032 --- [vision-admin] [main] com.zaxxer.hikari.HikariDataSource       : HikariPool-1 - Starting...
2026-03-29T22:38:14.043+08:00  INFO 31032 --- [vision-admin] [main] com.zaxxer.hikari.pool.HikariPool        : HikariPool-1 - Added connection org.postgresql.jdbc.PgConnection@54247647
2026-03-29T22:38:14.044+08:00  INFO 31032 --- [vision-admin] [main] com.zaxxer.hikari.HikariDataSource       : HikariPool-1 - Start completed.
2026-03-29T22:38:14.087+08:00  INFO 31032 --- [vision-admin] [main] o.f.c.internal.license.VersionPrinter    : Flyway Community Edition 9.22.3 by Redgate
2026-03-29T22:38:14.087+08:00  INFO 31032 --- [vision-admin] [main] o.f.c.internal.license.VersionPrinter    : See release notes here: https://rd.gt/416ObMi
2026-03-29T22:38:14.087+08:00  INFO 31032 --- [vision-admin] [main] o.f.c.internal.license.VersionPrinter    : 
2026-03-29T22:38:14.106+08:00  WARN 31032 --- [vision-admin] [main] o.f.c.internal.database.base.Database    : Flyway upgrade recommended: PostgreSQL 16.0 is newer than this version of Flyway and support has not been tested. The latest supported version of PostgreSQL is 15.
2026-03-29T22:38:14.127+08:00  INFO 31032 --- [vision-admin] [main] o.f.core.internal.command.DbValidate     : Successfully validated 2 migrations (execution time 00:00.015s)
2026-03-29T22:38:14.153+08:00  INFO 31032 --- [vision-admin] [main] o.f.core.internal.command.DbMigrate      : Current version of schema "public": 2
2026-03-29T22:38:14.155+08:00  INFO 31032 --- [vision-admin] [main] o.f.core.internal.command.DbMigrate      : Schema "public" is up to date. No migration necessary.
2026-03-29T22:38:14.264+08:00  INFO 31032 --- [vision-admin] [main] com.vision.config.StorageConfig          : Initializing local storage service with base path: ./data/files
2026-03-29T22:38:14.265+08:00  INFO 31032 --- [vision-admin] [main] com.vision.storage.LocalStorageService   : Local storage base directory created/verified: .\data\files
2026-03-29T22:38:14.700+08:00  INFO 31032 --- [vision-admin] [main] o.s.b.w.embedded.tomcat.TomcatWebServer  : Tomcat started on port 8080 (http) with context path ''
2026-03-29T22:38:14.701+08:00  INFO 31032 --- [vision-admin] [main] o.s.m.s.b.SimpleBrokerMessageHandler     : Starting...
2026-03-29T22:38:14.701+08:00  INFO 31032 --- [vision-admin] [main] o.s.m.s.b.SimpleBrokerMessageHandler     : BrokerAvailabilityEvent[available=true, SimpleBrokerMessageHandler [org.springframework.messaging.simp.broker.DefaultSubscriptionRegistry@13662609]]
2026-03-29T22:38:14.701+08:00  INFO 31032 --- [vision-admin] [main] o.s.m.s.b.SimpleBrokerMessageHandler     : Started.
2026-03-29T22:38:14.706+08:00  INFO 31032 --- [vision-admin] [main] com.vision.VisionApplication             : Started VisionApplication in 2.227 seconds (process running for 2.447)
2026-03-29T22:38:14.708+08:00 DEBUG 31032 --- [vision-admin] [main] c.b.m.a.DdlApplicationRunner             :   ...  DDL start create  ...  
2026-03-29T22:38:14.708+08:00 DEBUG 31032 --- [vision-admin] [main] c.b.m.a.DdlApplicationRunner             :   ...  DDL end create  ...  
2026-03-29T22:38:24.711+08:00 DEBUG 31032 --- [vision-admin] [MessageBroker-1] c.v.capture.service.CaptureScheduler     : 开始扫描待抓图摄像头...
2026-03-29T22:38:24.741+08:00 DEBUG 31032 --- [vision-admin] [MessageBroker-1] c.v.capture.service.CaptureScheduler     : 无活跃摄像头需要抓图
2026-03-29T22:39:14.703+08:00  INFO 31032 --- [vision-admin] [MessageBroker-2] o.s.w.s.c.WebSocketMessageBrokerStats    : WebSocketSession[0 current WS(0)-HttpStream(0)-HttpPoll(0), 0 total, 0 closed abnormally (0 connect failure, 0 send limit, 0 transport error)], stompSubProtocol[processed CONNECT(0)-CONNECTED(0)-DISCONNECT(0)], stompBrokerRelay[null], inboundChannel[pool size = 0, active threads = 0, queued tasks = 0, completed tasks = 0], outboundChannel[pool size = 0, active threads = 0, queued tasks = 0, completed tasks = 0], sockJsScheduler[pool size = 3, active threads = 1, queued tasks = 1, completed tasks = 1]
2026-03-29T22:39:24.745+08:00 DEBUG 31032 --- [vision-admin] [MessageBroker-1] c.v.capture.service.CaptureScheduler     : 开始扫描待抓图摄像头...
2026-03-29T22:39:24.749+08:00 DEBUG 31032 --- [vision-admin] [MessageBroker-1] c.v.capture.service.CaptureScheduler     : 无活跃摄像头需要抓图
2026-03-29T22:40:24.750+08:00 DEBUG 31032 --- [vision-admin] [MessageBroker-2] c.v.capture.service.CaptureScheduler     : 开始扫描待抓图摄像头...
2026-03-29T22:40:24.753+08:00 DEBUG 31032 --- [vision-admin] [MessageBroker-2] c.v.capture.service.CaptureScheduler     : 无活跃摄像头需要抓图
2026-03-29T22:41:24.757+08:00 DEBUG 31032 --- [vision-admin] [MessageBroker-3] c.v.capture.service.CaptureScheduler     : 开始扫描待抓图摄像头...
2026-03-29T22:41:24.760+08:00 DEBUG 31032 --- [vision-admin] [MessageBroker-3] c.v.capture.service.CaptureScheduler     : 无活跃摄像头需要抓图
2026-03-29T22:42:24.770+08:00 DEBUG 31032 --- [vision-admin] [MessageBroker-5] c.v.capture.service.CaptureScheduler     : 开始扫描待抓图摄像头...
2026-03-29T22:42:24.774+08:00 DEBUG 31032 --- [vision-admin] [MessageBroker-5] c.v.capture.service.CaptureScheduler     : 无活跃摄像头需要抓图
2026-03-29T22:42:34.999+08:00  INFO 31032 --- [vision-admin] [http-nio-8080-exec-1] o.a.c.c.C.[Tomcat].[localhost].[/]       : Initializing Spring DispatcherServlet 'dispatcherServlet'
2026-03-29T22:42:34.999+08:00  INFO 31032 --- [vision-admin] [http-nio-8080-exec-1] o.s.web.servlet.DispatcherServlet        : Initializing Servlet 'dispatcherServlet'
2026-03-29T22:42:35.000+08:00  INFO 31032 --- [vision-admin] [http-nio-8080-exec-1] o.s.web.servlet.DispatcherServlet        : Completed initialization in 1 ms
2026-03-29T22:42:35.021+08:00  INFO 31032 --- [vision-admin] [http-nio-8080-exec-2] c.v.d.controller.DashboardController     : 获取统计概览
2026-03-29T22:42:35.021+08:00 DEBUG 31032 --- [vision-admin] [http-nio-8080-exec-2] c.v.dashboard.service.DashboardService   : 开始获取统计概览数据
2026-03-29T22:43:24.787+08:00 DEBUG 31032 --- [vision-admin] [MessageBroker-2] c.v.capture.service.CaptureScheduler     : 开始扫描待抓图摄像头...
2026-03-29T22:43:24.790+08:00 DEBUG 31032 --- [vision-admin] [MessageBroker-2] c.v.capture.service.CaptureScheduler     : 无活跃摄像头需要抓图
2026-03-29T22:43:46.443+08:00 ERROR 31032 --- [vision-admin] [http-nio-8080-exec-7] c.v.c.exception.GlobalExceptionHandler   : 系统异常

org.springframework.web.servlet.resource.NoResourceFoundException: No static resource api/v1/video-platforms.
	at org.springframework.web.servlet.resource.ResourceHttpRequestHandler.handleRequest(ResourceHttpRequestHandler.java:585) ~[spring-webmvc-6.1.6.jar:6.1.6]
	at org.springframework.web.servlet.mvc.HttpRequestHandlerAdapter.handle(HttpRequestHandlerAdapter.java:52) ~[spring-webmvc-6.1.6.jar:6.1.6]
	at org.springframework.web.servlet.DispatcherServlet.doDispatch(DispatcherServlet.java:1089) ~[spring-webmvc-6.1.6.jar:6.1.6]
	at org.springframework.web.servlet.DispatcherServlet.doService(DispatcherServlet.java:979) ~[spring-webmvc-6.1.6.jar:6.1.6]
	at org.springframework.web.servlet.FrameworkServlet.processRequest(FrameworkServlet.java:1014) ~[spring-webmvc-6.1.6.jar:6.1.6]
	at org.springframework.web.servlet.FrameworkServlet.doGet(FrameworkServlet.java:903) ~[spring-webmvc-6.1.6.jar:6.1.6]
	at jakarta.servlet.http.HttpServlet.service(HttpServlet.java:564) ~[tomcat-embed-core-10.1.20.jar:6.0]
	at org.springframework.web.servlet.FrameworkServlet.service(FrameworkServlet.java:885) ~[spring-webmvc-6.1.6.jar:6.1.6]
	at jakarta.servlet.http.HttpServlet.service(HttpServlet.java:658) ~[tomcat-embed-core-10.1.20.jar:6.0]
	at org.apache.catalina.core.ApplicationFilterChain.internalDoFilter(ApplicationFilterChain.java:206) ~[tomcat-embed-core-10.1.20.jar:10.1.20]
	at org.apache.catalina.core.ApplicationFilterChain.doFilter(ApplicationFilterChain.java:150) ~[tomcat-embed-core-10.1.20.jar:10.1.20]
	at org.apache.tomcat.websocket.server.WsFilter.doFilter(WsFilter.java:51) ~[tomcat-embed-websocket-10.1.20.jar:10.1.20]
	at org.apache.catalina.core.ApplicationFilterChain.internalDoFilter(ApplicationFilterChain.java:175) ~[tomcat-embed-core-10.1.20.jar:10.1.20]
	at org.apache.catalina.core.ApplicationFilterChain.doFilter(ApplicationFilterChain.java:150) ~[tomcat-embed-core-10.1.20.jar:10.1.20]
	at org.springframework.web.filter.RequestContextFilter.doFilterInternal(RequestContextFilter.java:100) ~[spring-web-6.1.6.jar:6.1.6]
	at org.springframework.web.filter.OncePerRequestFilter.doFilter(OncePerRequestFilter.java:116) ~[spring-web-6.1.6.jar:6.1.6]
	at org.apache.catalina.core.ApplicationFilterChain.internalDoFilter(ApplicationFilterChain.java:175) ~[tomcat-embed-core-10.1.20.jar:10.1.20]
	at org.apache.catalina.core.ApplicationFilterChain.doFilter(ApplicationFilterChain.java:150) ~[tomcat-embed-core-10.1.20.jar:10.1.20]
	at org.springframework.web.filter.FormContentFilter.doFilterInternal(FormContentFilter.java:93) ~[spring-web-6.1.6.jar:6.1.6]
	at org.springframework.web.filter.OncePerRequestFilter.doFilter(OncePerRequestFilter.java:116) ~[spring-web-6.1.6.jar:6.1.6]
	at org.apache.catalina.core.ApplicationFilterChain.internalDoFilter(ApplicationFilterChain.java:175) ~[tomcat-embed-core-10.1.20.jar:10.1.20]
	at org.apache.catalina.core.ApplicationFilterChain.doFilter(ApplicationFilterChain.java:150) ~[tomcat-embed-core-10.1.20.jar:10.1.20]
	at org.springframework.web.filter.CharacterEncodingFilter.doFilterInternal(CharacterEncodingFilter.java:201) ~[spring-web-6.1.6.jar:6.1.6]
	at org.springframework.web.filter.OncePerRequestFilter.doFilter(OncePerRequestFilter.java:116) ~[spring-web-6.1.6.jar:6.1.6]
	at org.apache.catalina.core.ApplicationFilterChain.internalDoFilter(ApplicationFilterChain.java:175) ~[tomcat-embed-core-10.1.20.jar:10.1.20]
	at org.apache.catalina.core.ApplicationFilterChain.doFilter(ApplicationFilterChain.java:150) ~[tomcat-embed-core-10.1.20.jar:10.1.20]
	at org.apache.catalina.core.StandardWrapperValve.invoke(StandardWrapperValve.java:167) ~[tomcat-embed-core-10.1.20.jar:10.1.20]
	at org.apache.catalina.core.StandardContextValve.invoke(StandardContextValve.java:90) ~[tomcat-embed-core-10.1.20.jar:10.1.20]
	at org.apache.catalina.authenticator.AuthenticatorBase.invoke(AuthenticatorBase.java:482) ~[tomcat-embed-core-10.1.20.jar:10.1.20]
	at org.apache.catalina.core.StandardHostValve.invoke(StandardHostValve.java:115) ~[tomcat-embed-core-10.1.20.jar:10.1.20]
	at org.apache.catalina.valves.ErrorReportValve.invoke(ErrorReportValve.java:93) ~[tomcat-embed-core-10.1.20.jar:10.1.20]
	at org.apache.catalina.core.StandardEngineValve.invoke(StandardEngineValve.java:74) ~[tomcat-embed-core-10.1.20.jar:10.1.20]
	at org.apache.catalina.connector.CoyoteAdapter.service(CoyoteAdapter.java:344) ~[tomcat-embed-core-10.1.20.jar:10.1.20]
	at org.apache.coyote.http11.Http11Processor.service(Http11Processor.java:391) ~[tomcat-embed-core-10.1.20.jar:10.1.20]
	at org.apache.coyote.AbstractProcessorLight.process(AbstractProcessorLight.java:63) ~[tomcat-embed-core-10.1.20.jar:10.1.20]
	at org.apache.coyote.AbstractProtocol$ConnectionHandler.process(AbstractProtocol.java:896) ~[tomcat-embed-core-10.1.20.jar:10.1.20]
	at org.apache.tomcat.util.net.NioEndpoint$SocketProcessor.doRun(NioEndpoint.java:1736) ~[tomcat-embed-core-10.1.20.jar:10.1.20]
	at org.apache.tomcat.util.net.SocketProcessorBase.run(SocketProcessorBase.java:52) ~[tomcat-embed-core-10.1.20.jar:10.1.20]
	at org.apache.tomcat.util.threads.ThreadPoolExecutor.runWorker(ThreadPoolExecutor.java:1191) ~[tomcat-embed-core-10.1.20.jar:10.1.20]
	at org.apache.tomcat.util.threads.ThreadPoolExecutor$Worker.run(ThreadPoolExecutor.java:659) ~[tomcat-embed-core-10.1.20.jar:10.1.20]
	at org.apache.tomcat.util.threads.TaskThread$WrappingRunnable.run(TaskThread.java:63) ~[tomcat-embed-core-10.1.20.jar:10.1.20]
	at java.base/java.lang.Thread.run(Thread.java:1583) ~[na:na]

2026-03-29T22:44:24.805+08:00 DEBUG 31032 --- [vision-admin] [MessageBroker-1] c.v.capture.service.CaptureScheduler     : 开始扫描待抓图摄像头...
2026-03-29T22:44:24.808+08:00 DEBUG 31032 --- [vision-admin] [MessageBroker-1] c.v.capture.service.CaptureScheduler     : 无活跃摄像头需要抓图
2026-03-29T22:45:24.816+08:00 DEBUG 31032 --- [vision-admin] [MessageBroker-7] c.v.capture.service.CaptureScheduler     : 开始扫描待抓图摄像头...
2026-03-29T22:45:24.819+08:00 DEBUG 31032 --- [vision-admin] [MessageBroker-7] c.v.capture.service.CaptureScheduler     : 无活跃摄像头需要抓图
2026-03-29T22:46:24.820+08:00 DEBUG 31032 --- [vision-admin] [MessageBroker-5] c.v.capture.service.CaptureScheduler     : 开始扫描待抓图摄像头...
2026-03-29T22:46:24.824+08:00 DEBUG 31032 --- [vision-admin] [MessageBroker-5] c.v.capture.service.CaptureScheduler     : 无活跃摄像头需要抓图
2026-03-29T22:47:20.314+08:00 ERROR 31032 --- [vision-admin] [http-nio-8080-exec-9] c.v.c.exception.GlobalExceptionHandler   : 系统异常

org.springframework.jdbc.BadSqlGrammarException: 
### Error querying database.  Cause: org.postgresql.util.PSQLException: ERROR: column "deployed" does not exist
  位置：104
### The error may exist in com/vision/rule/mapper/RuleMapper.java (best guess)
### The error may involve defaultParameterMap
### The error occurred while setting parameters
### SQL: SELECT  id,name,business_line,enabled,priority,schedule,weekdays,effective_start,effective_end,actions,deployed,created_at,updated_at  FROM rule           ORDER BY created_at DESC
### Cause: org.postgresql.util.PSQLException: ERROR: column "deployed" does not exist
  位置：104
; bad SQL grammar []
	at org.springframework.jdbc.support.SQLStateSQLExceptionTranslator.doTranslate(SQLStateSQLExceptionTranslator.java:112) ~[spring-jdbc-6.1.6.jar:6.1.6]
	at org.springframework.jdbc.support.AbstractFallbackSQLExceptionTranslator.translate(AbstractFallbackSQLExceptionTranslator.java:107) ~[spring-jdbc-6.1.6.jar:6.1.6]
	at org.springframework.jdbc.support.AbstractFallbackSQLExceptionTranslator.translate(AbstractFallbackSQLExceptionTranslator.java:116) ~[spring-jdbc-6.1.6.jar:6.1.6]
	at org.springframework.jdbc.support.AbstractFallbackSQLExceptionTranslator.translate(AbstractFallbackSQLExceptionTranslator.java:116) ~[spring-jdbc-6.1.6.jar:6.1.6]
	at org.mybatis.spring.MyBatisExceptionTranslator.translateExceptionIfPossible(MyBatisExceptionTranslator.java:92) ~[mybatis-spring-3.0.3.jar:3.0.3]
	at org.mybatis.spring.SqlSessionTemplate$SqlSessionInterceptor.invoke(SqlSessionTemplate.java:439) ~[mybatis-spring-3.0.3.jar:3.0.3]
	at jdk.proxy2/jdk.proxy2.$Proxy94.selectList(Unknown Source) ~[na:na]
	at org.mybatis.spring.SqlSessionTemplate.selectList(SqlSessionTemplate.java:224) ~[mybatis-spring-3.0.3.jar:3.0.3]
	at com.baomidou.mybatisplus.core.override.MybatisMapperMethod.executeForMany(MybatisMapperMethod.java:164) ~[mybatis-plus-core-3.5.6.jar:3.5.6]
	at com.baomidou.mybatisplus.core.override.MybatisMapperMethod.execute(MybatisMapperMethod.java:77) ~[mybatis-plus-core-3.5.6.jar:3.5.6]
	at com.baomidou.mybatisplus.core.override.MybatisMapperProxy$PlainMethodInvoker.invoke(MybatisMapperProxy.java:149) ~[mybatis-plus-core-3.5.6.jar:3.5.6]
	at com.baomidou.mybatisplus.core.override.MybatisMapperProxy.invoke(MybatisMapperProxy.java:90) ~[mybatis-plus-core-3.5.6.jar:3.5.6]
	at jdk.proxy2/jdk.proxy2.$Proxy107.selectList(Unknown Source) ~[na:na]
	at com.baomidou.mybatisplus.core.mapper.BaseMapper.selectPage(BaseMapper.java:349) ~[mybatis-plus-core-3.5.6.jar:3.5.6]
	at java.base/java.lang.invoke.MethodHandle.invokeWithArguments(MethodHandle.java:733) ~[na:na]
	at com.baomidou.mybatisplus.core.override.MybatisMapperProxy$DefaultMethodInvoker.invoke(MybatisMapperProxy.java:163) ~[mybatis-plus-core-3.5.6.jar:3.5.6]
	at com.baomidou.mybatisplus.core.override.MybatisMapperProxy.invoke(MybatisMapperProxy.java:90) ~[mybatis-plus-core-3.5.6.jar:3.5.6]
	at jdk.proxy2/jdk.proxy2.$Proxy107.selectPage(Unknown Source) ~[na:na]
	at com.vision.rule.service.RuleService.pageRules(RuleService.java:54) ~[classes/:na]
	at java.base/jdk.internal.reflect.DirectMethodHandleAccessor.invoke(DirectMethodHandleAccessor.java:103) ~[na:na]
	at java.base/java.lang.reflect.Method.invoke(Method.java:580) ~[na:na]
	at org.springframework.aop.support.AopUtils.invokeJoinpointUsingReflection(AopUtils.java:354) ~[spring-aop-6.1.6.jar:6.1.6]
	at org.springframework.aop.framework.CglibAopProxy$DynamicAdvisedInterceptor.intercept(CglibAopProxy.java:716) ~[spring-aop-6.1.6.jar:6.1.6]
	at com.vision.rule.service.RuleService$$SpringCGLIB$$0.pageRules(<generated>) ~[classes/:na]
	at com.vision.rule.controller.RuleController.pageRules(RuleController.java:39) ~[classes/:na]
	at java.base/jdk.internal.reflect.DirectMethodHandleAccessor.invoke(DirectMethodHandleAccessor.java:103) ~[na:na]
	at java.base/java.lang.reflect.Method.invoke(Method.java:580) ~[na:na]
	at org.springframework.web.method.support.InvocableHandlerMethod.doInvoke(InvocableHandlerMethod.java:255) ~[spring-web-6.1.6.jar:6.1.6]
	at org.springframework.web.method.support.InvocableHandlerMethod.invokeForRequest(InvocableHandlerMethod.java:188) ~[spring-web-6.1.6.jar:6.1.6]
	at org.springframework.web.servlet.mvc.method.annotation.ServletInvocableHandlerMethod.invokeAndHandle(ServletInvocableHandlerMethod.java:118) ~[spring-webmvc-6.1.6.jar:6.1.6]
	at org.springframework.web.servlet.mvc.method.annotation.RequestMappingHandlerAdapter.invokeHandlerMethod(RequestMappingHandlerAdapter.java:926) ~[spring-webmvc-6.1.6.jar:6.1.6]
	at org.springframework.web.servlet.mvc.method.annotation.RequestMappingHandlerAdapter.handleInternal(RequestMappingHandlerAdapter.java:831) ~[spring-webmvc-6.1.6.jar:6.1.6]
	at org.springframework.web.servlet.mvc.method.AbstractHandlerMethodAdapter.handle(AbstractHandlerMethodAdapter.java:87) ~[spring-webmvc-6.1.6.jar:6.1.6]
	at org.springframework.web.servlet.DispatcherServlet.doDispatch(DispatcherServlet.java:1089) ~[spring-webmvc-6.1.6.jar:6.1.6]
	at org.springframework.web.servlet.DispatcherServlet.doService(DispatcherServlet.java:979) ~[spring-webmvc-6.1.6.jar:6.1.6]
	at org.springframework.web.servlet.FrameworkServlet.processRequest(FrameworkServlet.java:1014) ~[spring-webmvc-6.1.6.jar:6.1.6]
	at org.springframework.web.servlet.FrameworkServlet.doGet(FrameworkServlet.java:903) ~[spring-webmvc-6.1.6.jar:6.1.6]
	at jakarta.servlet.http.HttpServlet.service(HttpServlet.java:564) ~[tomcat-embed-core-10.1.20.jar:6.0]
	at org.springframework.web.servlet.FrameworkServlet.service(FrameworkServlet.java:885) ~[spring-webmvc-6.1.6.jar:6.1.6]
	at jakarta.servlet.http.HttpServlet.service(HttpServlet.java:658) ~[tomcat-embed-core-10.1.20.jar:6.0]
	at org.apache.catalina.core.ApplicationFilterChain.internalDoFilter(ApplicationFilterChain.java:206) ~[tomcat-embed-core-10.1.20.jar:10.1.20]
	at org.apache.catalina.core.ApplicationFilterChain.doFilter(ApplicationFilterChain.java:150) ~[tomcat-embed-core-10.1.20.jar:10.1.20]
	at org.apache.tomcat.websocket.server.WsFilter.doFilter(WsFilter.java:51) ~[tomcat-embed-websocket-10.1.20.jar:10.1.20]
	at org.apache.catalina.core.ApplicationFilterChain.internalDoFilter(ApplicationFilterChain.java:175) ~[tomcat-embed-core-10.1.20.jar:10.1.20]
	at org.apache.catalina.core.ApplicationFilterChain.doFilter(ApplicationFilterChain.java:150) ~[tomcat-embed-core-10.1.20.jar:10.1.20]
	at org.springframework.web.filter.RequestContextFilter.doFilterInternal(RequestContextFilter.java:100) ~[spring-web-6.1.6.jar:6.1.6]
	at org.springframework.web.filter.OncePerRequestFilter.doFilter(OncePerRequestFilter.java:116) ~[spring-web-6.1.6.jar:6.1.6]
	at org.apache.catalina.core.ApplicationFilterChain.internalDoFilter(ApplicationFilterChain.java:175) ~[tomcat-embed-core-10.1.20.jar:10.1.20]
	at org.apache.catalina.core.ApplicationFilterChain.doFilter(ApplicationFilterChain.java:150) ~[tomcat-embed-core-10.1.20.jar:10.1.20]
	at org.springframework.web.filter.FormContentFilter.doFilterInternal(FormContentFilter.java:93) ~[spring-web-6.1.6.jar:6.1.6]
	at org.springframework.web.filter.OncePerRequestFilter.doFilter(OncePerRequestFilter.java:116) ~[spring-web-6.1.6.jar:6.1.6]
	at org.apache.catalina.core.ApplicationFilterChain.internalDoFilter(ApplicationFilterChain.java:175) ~[tomcat-embed-core-10.1.20.jar:10.1.20]
	at org.apache.catalina.core.ApplicationFilterChain.doFilter(ApplicationFilterChain.java:150) ~[tomcat-embed-core-10.1.20.jar:10.1.20]
	at org.springframework.web.filter.CharacterEncodingFilter.doFilterInternal(CharacterEncodingFilter.java:201) ~[spring-web-6.1.6.jar:6.1.6]
	at org.springframework.web.filter.OncePerRequestFilter.doFilter(OncePerRequestFilter.java:116) ~[spring-web-6.1.6.jar:6.1.6]
	at org.apache.catalina.core.ApplicationFilterChain.internalDoFilter(ApplicationFilterChain.java:175) ~[tomcat-embed-core-10.1.20.jar:10.1.20]
	at org.apache.catalina.core.ApplicationFilterChain.doFilter(ApplicationFilterChain.java:150) ~[tomcat-embed-core-10.1.20.jar:10.1.20]
	at org.apache.catalina.core.StandardWrapperValve.invoke(StandardWrapperValve.java:167) ~[tomcat-embed-core-10.1.20.jar:10.1.20]
	at org.apache.catalina.core.StandardContextValve.invoke(StandardContextValve.java:90) ~[tomcat-embed-core-10.1.20.jar:10.1.20]
	at org.apache.catalina.authenticator.AuthenticatorBase.invoke(AuthenticatorBase.java:482) ~[tomcat-embed-core-10.1.20.jar:10.1.20]
	at org.apache.catalina.core.StandardHostValve.invoke(StandardHostValve.java:115) ~[tomcat-embed-core-10.1.20.jar:10.1.20]
	at org.apache.catalina.valves.ErrorReportValve.invoke(ErrorReportValve.java:93) ~[tomcat-embed-core-10.1.20.jar:10.1.20]
	at org.apache.catalina.core.StandardEngineValve.invoke(StandardEngineValve.java:74) ~[tomcat-embed-core-10.1.20.jar:10.1.20]
	at org.apache.catalina.connector.CoyoteAdapter.service(CoyoteAdapter.java:344) ~[tomcat-embed-core-10.1.20.jar:10.1.20]
	at org.apache.coyote.http11.Http11Processor.service(Http11Processor.java:391) ~[tomcat-embed-core-10.1.20.jar:10.1.20]
	at org.apache.coyote.AbstractProcessorLight.process(AbstractProcessorLight.java:63) ~[tomcat-embed-core-10.1.20.jar:10.1.20]
	at org.apache.coyote.AbstractProtocol$ConnectionHandler.process(AbstractProtocol.java:896) ~[tomcat-embed-core-10.1.20.jar:10.1.20]
	at org.apache.tomcat.util.net.NioEndpoint$SocketProcessor.doRun(NioEndpoint.java:1736) ~[tomcat-embed-core-10.1.20.jar:10.1.20]
	at org.apache.tomcat.util.net.SocketProcessorBase.run(SocketProcessorBase.java:52) ~[tomcat-embed-core-10.1.20.jar:10.1.20]
	at org.apache.tomcat.util.threads.ThreadPoolExecutor.runWorker(ThreadPoolExecutor.java:1191) ~[tomcat-embed-core-10.1.20.jar:10.1.20]
	at org.apache.tomcat.util.threads.ThreadPoolExecutor$Worker.run(ThreadPoolExecutor.java:659) ~[tomcat-embed-core-10.1.20.jar:10.1.20]
	at org.apache.tomcat.util.threads.TaskThread$WrappingRunnable.run(TaskThread.java:63) ~[tomcat-embed-core-10.1.20.jar:10.1.20]
	at java.base/java.lang.Thread.run(Thread.java:1583) ~[na:na]
Caused by: org.postgresql.util.PSQLException: ERROR: column "deployed" does not exist
  位置：104
	at org.postgresql.core.v3.QueryExecutorImpl.receiveErrorResponse(QueryExecutorImpl.java:2713) ~[postgresql-42.6.2.jar:42.6.2]
	at org.postgresql.core.v3.QueryExecutorImpl.processResults(QueryExecutorImpl.java:2401) ~[postgresql-42.6.2.jar:42.6.2]
	at org.postgresql.core.v3.QueryExecutorImpl.execute(QueryExecutorImpl.java:368) ~[postgresql-42.6.2.jar:42.6.2]
	at org.postgresql.jdbc.PgStatement.executeInternal(PgStatement.java:498) ~[postgresql-42.6.2.jar:42.6.2]
	at org.postgresql.jdbc.PgStatement.execute(PgStatement.java:415) ~[postgresql-42.6.2.jar:42.6.2]
	at org.postgresql.jdbc.PgPreparedStatement.executeWithFlags(PgPreparedStatement.java:190) ~[postgresql-42.6.2.jar:42.6.2]
	at org.postgresql.jdbc.PgPreparedStatement.execute(PgPreparedStatement.java:177) ~[postgresql-42.6.2.jar:42.6.2]
	at com.zaxxer.hikari.pool.ProxyPreparedStatement.execute(ProxyPreparedStatement.java:44) ~[HikariCP-5.0.1.jar:na]
	at com.zaxxer.hikari.pool.HikariProxyPreparedStatement.execute(HikariProxyPreparedStatement.java) ~[HikariCP-5.0.1.jar:na]
	at java.base/jdk.internal.reflect.DirectMethodHandleAccessor.invoke(DirectMethodHandleAccessor.java:103) ~[na:na]
	at java.base/java.lang.reflect.Method.invoke(Method.java:580) ~[na:na]
	at org.apache.ibatis.logging.jdbc.PreparedStatementLogger.invoke(PreparedStatementLogger.java:58) ~[mybatis-3.5.16.jar:3.5.16]
	at jdk.proxy3/jdk.proxy3.$Proxy124.execute(Unknown Source) ~[na:na]
	at org.apache.ibatis.executor.statement.PreparedStatementHandler.query(PreparedStatementHandler.java:65) ~[mybatis-3.5.16.jar:3.5.16]
	at org.apache.ibatis.executor.statement.RoutingStatementHandler.query(RoutingStatementHandler.java:80) ~[mybatis-3.5.16.jar:3.5.16]
	at org.apache.ibatis.executor.SimpleExecutor.doQuery(SimpleExecutor.java:65) ~[mybatis-3.5.16.jar:3.5.16]
	at org.apache.ibatis.executor.BaseExecutor.queryFromDatabase(BaseExecutor.java:336) ~[mybatis-3.5.16.jar:3.5.16]
	at org.apache.ibatis.executor.BaseExecutor.query(BaseExecutor.java:158) ~[mybatis-3.5.16.jar:3.5.16]
	at org.apache.ibatis.executor.CachingExecutor.query(CachingExecutor.java:110) ~[mybatis-3.5.16.jar:3.5.16]
	at org.apache.ibatis.executor.CachingExecutor.query(CachingExecutor.java:90) ~[mybatis-3.5.16.jar:3.5.16]
	at org.apache.ibatis.session.defaults.DefaultSqlSession.selectList(DefaultSqlSession.java:154) ~[mybatis-3.5.16.jar:3.5.16]
	at org.apache.ibatis.session.defaults.DefaultSqlSession.selectList(DefaultSqlSession.java:147) ~[mybatis-3.5.16.jar:3.5.16]
	at org.apache.ibatis.session.defaults.DefaultSqlSession.selectList(DefaultSqlSession.java:142) ~[mybatis-3.5.16.jar:3.5.16]
	at java.base/jdk.internal.reflect.DirectMethodHandleAccessor.invoke(DirectMethodHandleAccessor.java:103) ~[na:na]
	at java.base/java.lang.reflect.Method.invoke(Method.java:580) ~[na:na]
	at org.mybatis.spring.SqlSessionTemplate$SqlSessionInterceptor.invoke(SqlSessionTemplate.java:425) ~[mybatis-spring-3.0.3.jar:3.0.3]
	... 67 common frames omitted

2026-03-29T22:47:24.827+08:00 DEBUG 31032 --- [vision-admin] [MessageBroker-6] c.v.capture.service.CaptureScheduler     : 开始扫描待抓图摄像头...
2026-03-29T22:47:24.831+08:00 DEBUG 31032 --- [vision-admin] [MessageBroker-6] c.v.capture.service.CaptureScheduler     : 无活跃摄像头需要抓图
2026-03-29T22:47:46.332+08:00 ERROR 31032 --- [vision-admin] [http-nio-8080-exec-10] c.v.c.exception.GlobalExceptionHandler   : 系统异常

com.baomidou.mybatisplus.core.exceptions.MybatisPlusException: can't found IPage for args!
	at com.baomidou.mybatisplus.core.toolkit.ExceptionUtils.mpe(ExceptionUtils.java:49) ~[mybatis-plus-core-3.5.6.jar:3.5.6]
	at com.baomidou.mybatisplus.core.toolkit.Assert.isTrue(Assert.java:38) ~[mybatis-plus-core-3.5.6.jar:3.5.6]
	at com.baomidou.mybatisplus.core.toolkit.Assert.notNull(Assert.java:72) ~[mybatis-plus-core-3.5.6.jar:3.5.6]
	at com.baomidou.mybatisplus.core.override.MybatisMapperMethod.executeForIPage(MybatisMapperMethod.java:117) ~[mybatis-plus-core-3.5.6.jar:3.5.6]
	at com.baomidou.mybatisplus.core.override.MybatisMapperMethod.execute(MybatisMapperMethod.java:84) ~[mybatis-plus-core-3.5.6.jar:3.5.6]
	at com.baomidou.mybatisplus.core.override.MybatisMapperProxy$PlainMethodInvoker.invoke(MybatisMapperProxy.java:149) ~[mybatis-plus-core-3.5.6.jar:3.5.6]
	at com.baomidou.mybatisplus.core.override.MybatisMapperProxy.invoke(MybatisMapperProxy.java:90) ~[mybatis-plus-core-3.5.6.jar:3.5.6]
	at jdk.proxy2/jdk.proxy2.$Proxy105.selectPageByCondition(Unknown Source) ~[na:na]
	at com.vision.inference.service.InferenceService.pageRecords(InferenceService.java:49) ~[classes/:na]
	at java.base/jdk.internal.reflect.DirectMethodHandleAccessor.invoke(DirectMethodHandleAccessor.java:103) ~[na:na]
	at java.base/java.lang.reflect.Method.invoke(Method.java:580) ~[na:na]
	at org.springframework.aop.support.AopUtils.invokeJoinpointUsingReflection(AopUtils.java:354) ~[spring-aop-6.1.6.jar:6.1.6]
	at org.springframework.aop.framework.CglibAopProxy$DynamicAdvisedInterceptor.intercept(CglibAopProxy.java:716) ~[spring-aop-6.1.6.jar:6.1.6]
	at com.vision.inference.service.InferenceService$$SpringCGLIB$$0.pageRecords(<generated>) ~[classes/:na]
	at com.vision.inference.controller.InferenceController.pageRecords(InferenceController.java:39) ~[classes/:na]
	at java.base/jdk.internal.reflect.DirectMethodHandleAccessor.invoke(DirectMethodHandleAccessor.java:103) ~[na:na]
	at java.base/java.lang.reflect.Method.invoke(Method.java:580) ~[na:na]
	at org.springframework.web.method.support.InvocableHandlerMethod.doInvoke(InvocableHandlerMethod.java:255) ~[spring-web-6.1.6.jar:6.1.6]
	at org.springframework.web.method.support.InvocableHandlerMethod.invokeForRequest(InvocableHandlerMethod.java:188) ~[spring-web-6.1.6.jar:6.1.6]
	at org.springframework.web.servlet.mvc.method.annotation.ServletInvocableHandlerMethod.invokeAndHandle(ServletInvocableHandlerMethod.java:118) ~[spring-webmvc-6.1.6.jar:6.1.6]
	at org.springframework.web.servlet.mvc.method.annotation.RequestMappingHandlerAdapter.invokeHandlerMethod(RequestMappingHandlerAdapter.java:926) ~[spring-webmvc-6.1.6.jar:6.1.6]
	at org.springframework.web.servlet.mvc.method.annotation.RequestMappingHandlerAdapter.handleInternal(RequestMappingHandlerAdapter.java:831) ~[spring-webmvc-6.1.6.jar:6.1.6]
	at org.springframework.web.servlet.mvc.method.AbstractHandlerMethodAdapter.handle(AbstractHandlerMethodAdapter.java:87) ~[spring-webmvc-6.1.6.jar:6.1.6]
	at org.springframework.web.servlet.DispatcherServlet.doDispatch(DispatcherServlet.java:1089) ~[spring-webmvc-6.1.6.jar:6.1.6]
	at org.springframework.web.servlet.DispatcherServlet.doService(DispatcherServlet.java:979) ~[spring-webmvc-6.1.6.jar:6.1.6]
	at org.springframework.web.servlet.FrameworkServlet.processRequest(FrameworkServlet.java:1014) ~[spring-webmvc-6.1.6.jar:6.1.6]
	at org.springframework.web.servlet.FrameworkServlet.doGet(FrameworkServlet.java:903) ~[spring-webmvc-6.1.6.jar:6.1.6]
	at jakarta.servlet.http.HttpServlet.service(HttpServlet.java:564) ~[tomcat-embed-core-10.1.20.jar:6.0]
	at org.springframework.web.servlet.FrameworkServlet.service(FrameworkServlet.java:885) ~[spring-webmvc-6.1.6.jar:6.1.6]
	at jakarta.servlet.http.HttpServlet.service(HttpServlet.java:658) ~[tomcat-embed-core-10.1.20.jar:6.0]
	at org.apache.catalina.core.ApplicationFilterChain.internalDoFilter(ApplicationFilterChain.java:206) ~[tomcat-embed-core-10.1.20.jar:10.1.20]
	at org.apache.catalina.core.ApplicationFilterChain.doFilter(ApplicationFilterChain.java:150) ~[tomcat-embed-core-10.1.20.jar:10.1.20]
	at org.apache.tomcat.websocket.server.WsFilter.doFilter(WsFilter.java:51) ~[tomcat-embed-websocket-10.1.20.jar:10.1.20]
	at org.apache.catalina.core.ApplicationFilterChain.internalDoFilter(ApplicationFilterChain.java:175) ~[tomcat-embed-core-10.1.20.jar:10.1.20]
	at org.apache.catalina.core.ApplicationFilterChain.doFilter(ApplicationFilterChain.java:150) ~[tomcat-embed-core-10.1.20.jar:10.1.20]
	at org.springframework.web.filter.RequestContextFilter.doFilterInternal(RequestContextFilter.java:100) ~[spring-web-6.1.6.jar:6.1.6]
	at org.springframework.web.filter.OncePerRequestFilter.doFilter(OncePerRequestFilter.java:116) ~[spring-web-6.1.6.jar:6.1.6]
	at org.apache.catalina.core.ApplicationFilterChain.internalDoFilter(ApplicationFilterChain.java:175) ~[tomcat-embed-core-10.1.20.jar:10.1.20]
	at org.apache.catalina.core.ApplicationFilterChain.doFilter(ApplicationFilterChain.java:150) ~[tomcat-embed-core-10.1.20.jar:10.1.20]
	at org.springframework.web.filter.FormContentFilter.doFilterInternal(FormContentFilter.java:93) ~[spring-web-6.1.6.jar:6.1.6]
	at org.springframework.web.filter.OncePerRequestFilter.doFilter(OncePerRequestFilter.java:116) ~[spring-web-6.1.6.jar:6.1.6]
	at org.apache.catalina.core.ApplicationFilterChain.internalDoFilter(ApplicationFilterChain.java:175) ~[tomcat-embed-core-10.1.20.jar:10.1.20]
	at org.apache.catalina.core.ApplicationFilterChain.doFilter(ApplicationFilterChain.java:150) ~[tomcat-embed-core-10.1.20.jar:10.1.20]
	at org.springframework.web.filter.CharacterEncodingFilter.doFilterInternal(CharacterEncodingFilter.java:201) ~[spring-web-6.1.6.jar:6.1.6]
	at org.springframework.web.filter.OncePerRequestFilter.doFilter(OncePerRequestFilter.java:116) ~[spring-web-6.1.6.jar:6.1.6]
	at org.apache.catalina.core.ApplicationFilterChain.internalDoFilter(ApplicationFilterChain.java:175) ~[tomcat-embed-core-10.1.20.jar:10.1.20]
	at org.apache.catalina.core.ApplicationFilterChain.doFilter(ApplicationFilterChain.java:150) ~[tomcat-embed-core-10.1.20.jar:10.1.20]
	at org.apache.catalina.core.StandardWrapperValve.invoke(StandardWrapperValve.java:167) ~[tomcat-embed-core-10.1.20.jar:10.1.20]
	at org.apache.catalina.core.StandardContextValve.invoke(StandardContextValve.java:90) ~[tomcat-embed-core-10.1.20.jar:10.1.20]
	at org.apache.catalina.authenticator.AuthenticatorBase.invoke(AuthenticatorBase.java:482) ~[tomcat-embed-core-10.1.20.jar:10.1.20]
	at org.apache.catalina.core.StandardHostValve.invoke(StandardHostValve.java:115) ~[tomcat-embed-core-10.1.20.jar:10.1.20]
	at org.apache.catalina.valves.ErrorReportValve.invoke(ErrorReportValve.java:93) ~[tomcat-embed-core-10.1.20.jar:10.1.20]
	at org.apache.catalina.core.StandardEngineValve.invoke(StandardEngineValve.java:74) ~[tomcat-embed-core-10.1.20.jar:10.1.20]
	at org.apache.catalina.connector.CoyoteAdapter.service(CoyoteAdapter.java:344) ~[tomcat-embed-core-10.1.20.jar:10.1.20]
	at org.apache.coyote.http11.Http11Processor.service(Http11Processor.java:391) ~[tomcat-embed-core-10.1.20.jar:10.1.20]
	at org.apache.coyote.AbstractProcessorLight.process(AbstractProcessorLight.java:63) ~[tomcat-embed-core-10.1.20.jar:10.1.20]
	at org.apache.coyote.AbstractProtocol$ConnectionHandler.process(AbstractProtocol.java:896) ~[tomcat-embed-core-10.1.20.jar:10.1.20]
	at org.apache.tomcat.util.net.NioEndpoint$SocketProcessor.doRun(NioEndpoint.java:1736) ~[tomcat-embed-core-10.1.20.jar:10.1.20]
	at org.apache.tomcat.util.net.SocketProcessorBase.run(SocketProcessorBase.java:52) ~[tomcat-embed-core-10.1.20.jar:10.1.20]
	at org.apache.tomcat.util.threads.ThreadPoolExecutor.runWorker(ThreadPoolExecutor.java:1191) ~[tomcat-embed-core-10.1.20.jar:10.1.20]
	at org.apache.tomcat.util.threads.ThreadPoolExecutor$Worker.run(ThreadPoolExecutor.java:659) ~[tomcat-embed-core-10.1.20.jar:10.1.20]
	at org.apache.tomcat.util.threads.TaskThread$WrappingRunnable.run(TaskThread.java:63) ~[tomcat-embed-core-10.1.20.jar:10.1.20]
	at java.base/java.lang.Thread.run(Thread.java:1583) ~[na:na]

2026-03-29T22:48:24.843+08:00 DEBUG 31032 --- [vision-admin] [MessageBroker-9] c.v.capture.service.CaptureScheduler     : 开始扫描待抓图摄像头...
2026-03-29T22:48:24.848+08:00 DEBUG 31032 --- [vision-admin] [MessageBroker-9] c.v.capture.service.CaptureScheduler     : 无活跃摄像头需要抓图
2026-03-29T22:49:24.854+08:00 DEBUG 31032 --- [vision-admin] [MessageBroker-1] c.v.capture.service.CaptureScheduler     : 开始扫描待抓图摄像头...
2026-03-29T22:49:24.858+08:00 DEBUG 31032 --- [vision-admin] [MessageBroker-1] c.v.capture.service.CaptureScheduler     : 无活跃摄像头需要抓图
2026-03-29T22:50:24.873+08:00 DEBUG 31032 --- [vision-admin] [MessageBroker-4] c.v.capture.service.CaptureScheduler     : 开始扫描待抓图摄像头...
2026-03-29T22:50:24.876+08:00 DEBUG 31032 --- [vision-admin] [MessageBroker-4] c.v.capture.service.CaptureScheduler     : 无活跃摄像头需要抓图
2026-03-29T22:51:24.888+08:00 DEBUG 31032 --- [vision-admin] [MessageBroker-11] c.v.capture.service.CaptureScheduler     : 开始扫描待抓图摄像头...
2026-03-29T22:51:24.891+08:00 DEBUG 31032 --- [vision-admin] [MessageBroker-11] c.v.capture.service.CaptureScheduler     : 无活跃摄像头需要抓图
2026-03-29T22:52:24.896+08:00 DEBUG 31032 --- [vision-admin] [MessageBroker-5] c.v.capture.service.CaptureScheduler     : 开始扫描待抓图摄像头...
2026-03-29T22:52:24.899+08:00 DEBUG 31032 --- [vision-admin] [MessageBroker-5] c.v.capture.service.CaptureScheduler     : 无活跃摄像头需要抓图
2026-03-29T22:53:24.913+08:00 DEBUG 31032 --- [vision-admin] [MessageBroker-2] c.v.capture.service.CaptureScheduler     : 开始扫描待抓图摄像头...
2026-03-29T22:53:24.918+08:00 DEBUG 31032 --- [vision-admin] [MessageBroker-2] c.v.capture.service.CaptureScheduler     : 无活跃摄像头需要抓图
2026-03-29T22:54:24.928+08:00 DEBUG 31032 --- [vision-admin] [MessageBroker-13] c.v.capture.service.CaptureScheduler     : 开始扫描待抓图摄像头...
2026-03-29T22:54:24.932+08:00 DEBUG 31032 --- [vision-admin] [MessageBroker-13] c.v.capture.service.CaptureScheduler     : 无活跃摄像头需要抓图
2026-03-29T22:54:56.012+08:00  INFO 31032 --- [vision-admin] [http-nio-8080-exec-2] c.v.d.controller.DashboardController     : 获取统计概览
2026-03-29T22:54:56.012+08:00 DEBUG 31032 --- [vision-admin] [http-nio-8080-exec-2] c.v.dashboard.service.DashboardService   : 开始获取统计概览数据
2026-03-29T22:55:24.940+08:00 DEBUG 31032 --- [vision-admin] [MessageBroker-9] c.v.capture.service.CaptureScheduler     : 开始扫描待抓图摄像头...
2026-03-29T22:55:24.945+08:00 DEBUG 31032 --- [vision-admin] [MessageBroker-9] c.v.capture.service.CaptureScheduler     : 无活跃摄像头需要抓图
2026-03-29T22:56:24.952+08:00 DEBUG 31032 --- [vision-admin] [MessageBroker-9] c.v.capture.service.CaptureScheduler     : 开始扫描待抓图摄像头...
2026-03-29T22:56:24.955+08:00 DEBUG 31032 --- [vision-admin] [MessageBroker-9] c.v.capture.service.CaptureScheduler     : 无活跃摄像头需要抓图
2026-03-29T22:57:24.959+08:00 DEBUG 31032 --- [vision-admin] [MessageBroker-9] c.v.capture.service.CaptureScheduler     : 开始扫描待抓图摄像头...
2026-03-29T22:57:24.963+08:00 DEBUG 31032 --- [vision-admin] [MessageBroker-9] c.v.capture.service.CaptureScheduler     : 无活跃摄像头需要抓图
2026-03-29T22:58:24.974+08:00 DEBUG 31032 --- [vision-admin] [MessageBroker-9] c.v.capture.service.CaptureScheduler     : 开始扫描待抓图摄像头...
2026-03-29T22:58:24.978+08:00 DEBUG 31032 --- [vision-admin] [MessageBroker-9] c.v.capture.service.CaptureScheduler     : 无活跃摄像头需要抓图
2026-03-29T22:59:24.981+08:00 DEBUG 31032 --- [vision-admin] [MessageBroker-9] c.v.capture.service.CaptureScheduler     : 开始扫描待抓图摄像头...
2026-03-29T22:59:24.985+08:00 DEBUG 31032 --- [vision-admin] [MessageBroker-9] c.v.capture.service.CaptureScheduler     : 无活跃摄像头需要抓图
2026-03-29T23:00:24.989+08:00 DEBUG 31032 --- [vision-admin] [MessageBroker-9] c.v.capture.service.CaptureScheduler     : 开始扫描待抓图摄像头...
2026-03-29T23:00:24.992+08:00 DEBUG 31032 --- [vision-admin] [MessageBroker-9] c.v.capture.service.CaptureScheduler     : 无活跃摄像头需要抓图
2026-03-29T23:01:25.003+08:00 DEBUG 31032 --- [vision-admin] [MessageBroker-9] c.v.capture.service.CaptureScheduler     : 开始扫描待抓图摄像头...
2026-03-29T23:01:25.007+08:00 DEBUG 31032 --- [vision-admin] [MessageBroker-9] c.v.capture.service.CaptureScheduler     : 无活跃摄像头需要抓图
2026-03-29T23:01:56.254+08:00 ERROR 31032 --- [vision-admin] [http-nio-8080-exec-1] c.v.c.exception.GlobalExceptionHandler   : 系统异常

com.baomidou.mybatisplus.core.exceptions.MybatisPlusException: can't found IPage for args!
	at com.baomidou.mybatisplus.core.toolkit.ExceptionUtils.mpe(ExceptionUtils.java:49) ~[mybatis-plus-core-3.5.6.jar:3.5.6]
	at com.baomidou.mybatisplus.core.toolkit.Assert.isTrue(Assert.java:38) ~[mybatis-plus-core-3.5.6.jar:3.5.6]
	at com.baomidou.mybatisplus.core.toolkit.Assert.notNull(Assert.java:72) ~[mybatis-plus-core-3.5.6.jar:3.5.6]
	at com.baomidou.mybatisplus.core.override.MybatisMapperMethod.executeForIPage(MybatisMapperMethod.java:117) ~[mybatis-plus-core-3.5.6.jar:3.5.6]
	at com.baomidou.mybatisplus.core.override.MybatisMapperMethod.execute(MybatisMapperMethod.java:84) ~[mybatis-plus-core-3.5.6.jar:3.5.6]
	at com.baomidou.mybatisplus.core.override.MybatisMapperProxy$PlainMethodInvoker.invoke(MybatisMapperProxy.java:149) ~[mybatis-plus-core-3.5.6.jar:3.5.6]
	at com.baomidou.mybatisplus.core.override.MybatisMapperProxy.invoke(MybatisMapperProxy.java:90) ~[mybatis-plus-core-3.5.6.jar:3.5.6]
	at jdk.proxy2/jdk.proxy2.$Proxy105.selectPageByCondition(Unknown Source) ~[na:na]
	at com.vision.inference.service.InferenceService.pageRecords(InferenceService.java:49) ~[classes/:na]
	at java.base/jdk.internal.reflect.DirectMethodHandleAccessor.invoke(DirectMethodHandleAccessor.java:103) ~[na:na]
	at java.base/java.lang.reflect.Method.invoke(Method.java:580) ~[na:na]
	at org.springframework.aop.support.AopUtils.invokeJoinpointUsingReflection(AopUtils.java:354) ~[spring-aop-6.1.6.jar:6.1.6]
	at org.springframework.aop.framework.CglibAopProxy$DynamicAdvisedInterceptor.intercept(CglibAopProxy.java:716) ~[spring-aop-6.1.6.jar:6.1.6]
	at com.vision.inference.service.InferenceService$$SpringCGLIB$$0.pageRecords(<generated>) ~[classes/:na]
	at com.vision.inference.controller.InferenceController.pageRecords(InferenceController.java:39) ~[classes/:na]
	at java.base/jdk.internal.reflect.DirectMethodHandleAccessor.invoke(DirectMethodHandleAccessor.java:103) ~[na:na]
	at java.base/java.lang.reflect.Method.invoke(Method.java:580) ~[na:na]
	at org.springframework.web.method.support.InvocableHandlerMethod.doInvoke(InvocableHandlerMethod.java:255) ~[spring-web-6.1.6.jar:6.1.6]
	at org.springframework.web.method.support.InvocableHandlerMethod.invokeForRequest(InvocableHandlerMethod.java:188) ~[spring-web-6.1.6.jar:6.1.6]
	at org.springframework.web.servlet.mvc.method.annotation.ServletInvocableHandlerMethod.invokeAndHandle(ServletInvocableHandlerMethod.java:118) ~[spring-webmvc-6.1.6.jar:6.1.6]
	at org.springframework.web.servlet.mvc.method.annotation.RequestMappingHandlerAdapter.invokeHandlerMethod(RequestMappingHandlerAdapter.java:926) ~[spring-webmvc-6.1.6.jar:6.1.6]
	at org.springframework.web.servlet.mvc.method.annotation.RequestMappingHandlerAdapter.handleInternal(RequestMappingHandlerAdapter.java:831) ~[spring-webmvc-6.1.6.jar:6.1.6]
	at org.springframework.web.servlet.mvc.method.AbstractHandlerMethodAdapter.handle(AbstractHandlerMethodAdapter.java:87) ~[spring-webmvc-6.1.6.jar:6.1.6]
	at org.springframework.web.servlet.DispatcherServlet.doDispatch(DispatcherServlet.java:1089) ~[spring-webmvc-6.1.6.jar:6.1.6]
	at org.springframework.web.servlet.DispatcherServlet.doService(DispatcherServlet.java:979) ~[spring-webmvc-6.1.6.jar:6.1.6]
	at org.springframework.web.servlet.FrameworkServlet.processRequest(FrameworkServlet.java:1014) ~[spring-webmvc-6.1.6.jar:6.1.6]
	at org.springframework.web.servlet.FrameworkServlet.doGet(FrameworkServlet.java:903) ~[spring-webmvc-6.1.6.jar:6.1.6]
	at jakarta.servlet.http.HttpServlet.service(HttpServlet.java:564) ~[tomcat-embed-core-10.1.20.jar:6.0]
	at org.springframework.web.servlet.FrameworkServlet.service(FrameworkServlet.java:885) ~[spring-webmvc-6.1.6.jar:6.1.6]
	at jakarta.servlet.http.HttpServlet.service(HttpServlet.java:658) ~[tomcat-embed-core-10.1.20.jar:6.0]
	at org.apache.catalina.core.ApplicationFilterChain.internalDoFilter(ApplicationFilterChain.java:206) ~[tomcat-embed-core-10.1.20.jar:10.1.20]
	at org.apache.catalina.core.ApplicationFilterChain.doFilter(ApplicationFilterChain.java:150) ~[tomcat-embed-core-10.1.20.jar:10.1.20]
	at org.apache.tomcat.websocket.server.WsFilter.doFilter(WsFilter.java:51) ~[tomcat-embed-websocket-10.1.20.jar:10.1.20]
	at org.apache.catalina.core.ApplicationFilterChain.internalDoFilter(ApplicationFilterChain.java:175) ~[tomcat-embed-core-10.1.20.jar:10.1.20]
	at org.apache.catalina.core.ApplicationFilterChain.doFilter(ApplicationFilterChain.java:150) ~[tomcat-embed-core-10.1.20.jar:10.1.20]
	at org.springframework.web.filter.RequestContextFilter.doFilterInternal(RequestContextFilter.java:100) ~[spring-web-6.1.6.jar:6.1.6]
	at org.springframework.web.filter.OncePerRequestFilter.doFilter(OncePerRequestFilter.java:116) ~[spring-web-6.1.6.jar:6.1.6]
	at org.apache.catalina.core.ApplicationFilterChain.internalDoFilter(ApplicationFilterChain.java:175) ~[tomcat-embed-core-10.1.20.jar:10.1.20]
	at org.apache.catalina.core.ApplicationFilterChain.doFilter(ApplicationFilterChain.java:150) ~[tomcat-embed-core-10.1.20.jar:10.1.20]
	at org.springframework.web.filter.FormContentFilter.doFilterInternal(FormContentFilter.java:93) ~[spring-web-6.1.6.jar:6.1.6]
	at org.springframework.web.filter.OncePerRequestFilter.doFilter(OncePerRequestFilter.java:116) ~[spring-web-6.1.6.jar:6.1.6]
	at org.apache.catalina.core.ApplicationFilterChain.internalDoFilter(ApplicationFilterChain.java:175) ~[tomcat-embed-core-10.1.20.jar:10.1.20]
	at org.apache.catalina.core.ApplicationFilterChain.doFilter(ApplicationFilterChain.java:150) ~[tomcat-embed-core-10.1.20.jar:10.1.20]
	at org.springframework.web.filter.CharacterEncodingFilter.doFilterInternal(CharacterEncodingFilter.java:201) ~[spring-web-6.1.6.jar:6.1.6]
	at org.springframework.web.filter.OncePerRequestFilter.doFilter(OncePerRequestFilter.java:116) ~[spring-web-6.1.6.jar:6.1.6]
	at org.apache.catalina.core.ApplicationFilterChain.internalDoFilter(ApplicationFilterChain.java:175) ~[tomcat-embed-core-10.1.20.jar:10.1.20]
	at org.apache.catalina.core.ApplicationFilterChain.doFilter(ApplicationFilterChain.java:150) ~[tomcat-embed-core-10.1.20.jar:10.1.20]
	at org.apache.catalina.core.StandardWrapperValve.invoke(StandardWrapperValve.java:167) ~[tomcat-embed-core-10.1.20.jar:10.1.20]
	at org.apache.catalina.core.StandardContextValve.invoke(StandardContextValve.java:90) ~[tomcat-embed-core-10.1.20.jar:10.1.20]
	at org.apache.catalina.authenticator.AuthenticatorBase.invoke(AuthenticatorBase.java:482) ~[tomcat-embed-core-10.1.20.jar:10.1.20]
	at org.apache.catalina.core.StandardHostValve.invoke(StandardHostValve.java:115) ~[tomcat-embed-core-10.1.20.jar:10.1.20]
	at org.apache.catalina.valves.ErrorReportValve.invoke(ErrorReportValve.java:93) ~[tomcat-embed-core-10.1.20.jar:10.1.20]
	at org.apache.catalina.core.StandardEngineValve.invoke(StandardEngineValve.java:74) ~[tomcat-embed-core-10.1.20.jar:10.1.20]
	at org.apache.catalina.connector.CoyoteAdapter.service(CoyoteAdapter.java:344) ~[tomcat-embed-core-10.1.20.jar:10.1.20]
	at org.apache.coyote.http11.Http11Processor.service(Http11Processor.java:391) ~[tomcat-embed-core-10.1.20.jar:10.1.20]
	at org.apache.coyote.AbstractProcessorLight.process(AbstractProcessorLight.java:63) ~[tomcat-embed-core-10.1.20.jar:10.1.20]
	at org.apache.coyote.AbstractProtocol$ConnectionHandler.process(AbstractProtocol.java:896) ~[tomcat-embed-core-10.1.20.jar:10.1.20]
	at org.apache.tomcat.util.net.NioEndpoint$SocketProcessor.doRun(NioEndpoint.java:1736) ~[tomcat-embed-core-10.1.20.jar:10.1.20]
	at org.apache.tomcat.util.net.SocketProcessorBase.run(SocketProcessorBase.java:52) ~[tomcat-embed-core-10.1.20.jar:10.1.20]
	at org.apache.tomcat.util.threads.ThreadPoolExecutor.runWorker(ThreadPoolExecutor.java:1191) ~[tomcat-embed-core-10.1.20.jar:10.1.20]
	at org.apache.tomcat.util.threads.ThreadPoolExecutor$Worker.run(ThreadPoolExecutor.java:659) ~[tomcat-embed-core-10.1.20.jar:10.1.20]
	at org.apache.tomcat.util.threads.TaskThread$WrappingRunnable.run(TaskThread.java:63) ~[tomcat-embed-core-10.1.20.jar:10.1.20]
	at java.base/java.lang.Thread.run(Thread.java:1583) ~[na:na]

2026-03-29T23:01:56.353+08:00  INFO 31032 --- [vision-admin] [http-nio-8080-exec-4] c.v.d.controller.DashboardController     : 获取统计概览
2026-03-29T23:01:56.353+08:00 DEBUG 31032 --- [vision-admin] [http-nio-8080-exec-4] c.v.dashboard.service.DashboardService   : 开始获取统计概览数据
2026-03-29T23:02:25.018+08:00 DEBUG 31032 --- [vision-admin] [MessageBroker-9] c.v.capture.service.CaptureScheduler     : 开始扫描待抓图摄像头...
2026-03-29T23:02:25.023+08:00 DEBUG 31032 --- [vision-admin] [MessageBroker-9] c.v.capture.service.CaptureScheduler     : 无活跃摄像头需要抓图
2026-03-29T23:02:29.896+08:00 ERROR 31032 --- [vision-admin] [http-nio-8080-exec-9] c.v.c.exception.GlobalExceptionHandler   : 系统异常

com.baomidou.mybatisplus.core.exceptions.MybatisPlusException: can't found IPage for args!
	at com.baomidou.mybatisplus.core.toolkit.ExceptionUtils.mpe(ExceptionUtils.java:49) ~[mybatis-plus-core-3.5.6.jar:3.5.6]
	at com.baomidou.mybatisplus.core.toolkit.Assert.isTrue(Assert.java:38) ~[mybatis-plus-core-3.5.6.jar:3.5.6]
	at com.baomidou.mybatisplus.core.toolkit.Assert.notNull(Assert.java:72) ~[mybatis-plus-core-3.5.6.jar:3.5.6]
	at com.baomidou.mybatisplus.core.override.MybatisMapperMethod.executeForIPage(MybatisMapperMethod.java:117) ~[mybatis-plus-core-3.5.6.jar:3.5.6]
	at com.baomidou.mybatisplus.core.override.MybatisMapperMethod.execute(MybatisMapperMethod.java:84) ~[mybatis-plus-core-3.5.6.jar:3.5.6]
	at com.baomidou.mybatisplus.core.override.MybatisMapperProxy$PlainMethodInvoker.invoke(MybatisMapperProxy.java:149) ~[mybatis-plus-core-3.5.6.jar:3.5.6]
	at com.baomidou.mybatisplus.core.override.MybatisMapperProxy.invoke(MybatisMapperProxy.java:90) ~[mybatis-plus-core-3.5.6.jar:3.5.6]
	at jdk.proxy2/jdk.proxy2.$Proxy105.selectPageByCondition(Unknown Source) ~[na:na]
	at com.vision.inference.service.InferenceService.pageRecords(InferenceService.java:49) ~[classes/:na]
	at java.base/jdk.internal.reflect.DirectMethodHandleAccessor.invoke(DirectMethodHandleAccessor.java:103) ~[na:na]
	at java.base/java.lang.reflect.Method.invoke(Method.java:580) ~[na:na]
	at org.springframework.aop.support.AopUtils.invokeJoinpointUsingReflection(AopUtils.java:354) ~[spring-aop-6.1.6.jar:6.1.6]
	at org.springframework.aop.framework.CglibAopProxy$DynamicAdvisedInterceptor.intercept(CglibAopProxy.java:716) ~[spring-aop-6.1.6.jar:6.1.6]
	at com.vision.inference.service.InferenceService$$SpringCGLIB$$0.pageRecords(<generated>) ~[classes/:na]
	at com.vision.inference.controller.InferenceController.pageRecords(InferenceController.java:39) ~[classes/:na]
	at java.base/jdk.internal.reflect.DirectMethodHandleAccessor.invoke(DirectMethodHandleAccessor.java:103) ~[na:na]
	at java.base/java.lang.reflect.Method.invoke(Method.java:580) ~[na:na]
	at org.springframework.web.method.support.InvocableHandlerMethod.doInvoke(InvocableHandlerMethod.java:255) ~[spring-web-6.1.6.jar:6.1.6]
	at org.springframework.web.method.support.InvocableHandlerMethod.invokeForRequest(InvocableHandlerMethod.java:188) ~[spring-web-6.1.6.jar:6.1.6]
	at org.springframework.web.servlet.mvc.method.annotation.ServletInvocableHandlerMethod.invokeAndHandle(ServletInvocableHandlerMethod.java:118) ~[spring-webmvc-6.1.6.jar:6.1.6]
	at org.springframework.web.servlet.mvc.method.annotation.RequestMappingHandlerAdapter.invokeHandlerMethod(RequestMappingHandlerAdapter.java:926) ~[spring-webmvc-6.1.6.jar:6.1.6]
	at org.springframework.web.servlet.mvc.method.annotation.RequestMappingHandlerAdapter.handleInternal(RequestMappingHandlerAdapter.java:831) ~[spring-webmvc-6.1.6.jar:6.1.6]
	at org.springframework.web.servlet.mvc.method.AbstractHandlerMethodAdapter.handle(AbstractHandlerMethodAdapter.java:87) ~[spring-webmvc-6.1.6.jar:6.1.6]
	at org.springframework.web.servlet.DispatcherServlet.doDispatch(DispatcherServlet.java:1089) ~[spring-webmvc-6.1.6.jar:6.1.6]
	at org.springframework.web.servlet.DispatcherServlet.doService(DispatcherServlet.java:979) ~[spring-webmvc-6.1.6.jar:6.1.6]
	at org.springframework.web.servlet.FrameworkServlet.processRequest(FrameworkServlet.java:1014) ~[spring-webmvc-6.1.6.jar:6.1.6]
	at org.springframework.web.servlet.FrameworkServlet.doGet(FrameworkServlet.java:903) ~[spring-webmvc-6.1.6.jar:6.1.6]
	at jakarta.servlet.http.HttpServlet.service(HttpServlet.java:564) ~[tomcat-embed-core-10.1.20.jar:6.0]
	at org.springframework.web.servlet.FrameworkServlet.service(FrameworkServlet.java:885) ~[spring-webmvc-6.1.6.jar:6.1.6]
	at jakarta.servlet.http.HttpServlet.service(HttpServlet.java:658) ~[tomcat-embed-core-10.1.20.jar:6.0]
	at org.apache.catalina.core.ApplicationFilterChain.internalDoFilter(ApplicationFilterChain.java:206) ~[tomcat-embed-core-10.1.20.jar:10.1.20]
	at org.apache.catalina.core.ApplicationFilterChain.doFilter(ApplicationFilterChain.java:150) ~[tomcat-embed-core-10.1.20.jar:10.1.20]
	at org.apache.tomcat.websocket.server.WsFilter.doFilter(WsFilter.java:51) ~[tomcat-embed-websocket-10.1.20.jar:10.1.20]
	at org.apache.catalina.core.ApplicationFilterChain.internalDoFilter(ApplicationFilterChain.java:175) ~[tomcat-embed-core-10.1.20.jar:10.1.20]
	at org.apache.catalina.core.ApplicationFilterChain.doFilter(ApplicationFilterChain.java:150) ~[tomcat-embed-core-10.1.20.jar:10.1.20]
	at org.springframework.web.filter.RequestContextFilter.doFilterInternal(RequestContextFilter.java:100) ~[spring-web-6.1.6.jar:6.1.6]
	at org.springframework.web.filter.OncePerRequestFilter.doFilter(OncePerRequestFilter.java:116) ~[spring-web-6.1.6.jar:6.1.6]
	at org.apache.catalina.core.ApplicationFilterChain.internalDoFilter(ApplicationFilterChain.java:175) ~[tomcat-embed-core-10.1.20.jar:10.1.20]
	at org.apache.catalina.core.ApplicationFilterChain.doFilter(ApplicationFilterChain.java:150) ~[tomcat-embed-core-10.1.20.jar:10.1.20]
	at org.springframework.web.filter.FormContentFilter.doFilterInternal(FormContentFilter.java:93) ~[spring-web-6.1.6.jar:6.1.6]
	at org.springframework.web.filter.OncePerRequestFilter.doFilter(OncePerRequestFilter.java:116) ~[spring-web-6.1.6.jar:6.1.6]
	at org.apache.catalina.core.ApplicationFilterChain.internalDoFilter(ApplicationFilterChain.java:175) ~[tomcat-embed-core-10.1.20.jar:10.1.20]
	at org.apache.catalina.core.ApplicationFilterChain.doFilter(ApplicationFilterChain.java:150) ~[tomcat-embed-core-10.1.20.jar:10.1.20]
	at org.springframework.web.filter.CharacterEncodingFilter.doFilterInternal(CharacterEncodingFilter.java:201) ~[spring-web-6.1.6.jar:6.1.6]
	at org.springframework.web.filter.OncePerRequestFilter.doFilter(OncePerRequestFilter.java:116) ~[spring-web-6.1.6.jar:6.1.6]
	at org.apache.catalina.core.ApplicationFilterChain.internalDoFilter(ApplicationFilterChain.java:175) ~[tomcat-embed-core-10.1.20.jar:10.1.20]
	at org.apache.catalina.core.ApplicationFilterChain.doFilter(ApplicationFilterChain.java:150) ~[tomcat-embed-core-10.1.20.jar:10.1.20]
	at org.apache.catalina.core.StandardWrapperValve.invoke(StandardWrapperValve.java:167) ~[tomcat-embed-core-10.1.20.jar:10.1.20]
	at org.apache.catalina.core.StandardContextValve.invoke(StandardContextValve.java:90) ~[tomcat-embed-core-10.1.20.jar:10.1.20]
	at org.apache.catalina.authenticator.AuthenticatorBase.invoke(AuthenticatorBase.java:482) ~[tomcat-embed-core-10.1.20.jar:10.1.20]
	at org.apache.catalina.core.StandardHostValve.invoke(StandardHostValve.java:115) ~[tomcat-embed-core-10.1.20.jar:10.1.20]
	at org.apache.catalina.valves.ErrorReportValve.invoke(ErrorReportValve.java:93) ~[tomcat-embed-core-10.1.20.jar:10.1.20]
	at org.apache.catalina.core.StandardEngineValve.invoke(StandardEngineValve.java:74) ~[tomcat-embed-core-10.1.20.jar:10.1.20]
	at org.apache.catalina.connector.CoyoteAdapter.service(CoyoteAdapter.java:344) ~[tomcat-embed-core-10.1.20.jar:10.1.20]
	at org.apache.coyote.http11.Http11Processor.service(Http11Processor.java:391) ~[tomcat-embed-core-10.1.20.jar:10.1.20]
	at org.apache.coyote.AbstractProcessorLight.process(AbstractProcessorLight.java:63) ~[tomcat-embed-core-10.1.20.jar:10.1.20]
	at org.apache.coyote.AbstractProtocol$ConnectionHandler.process(AbstractProtocol.java:896) ~[tomcat-embed-core-10.1.20.jar:10.1.20]
	at org.apache.tomcat.util.net.NioEndpoint$SocketProcessor.doRun(NioEndpoint.java:1736) ~[tomcat-embed-core-10.1.20.jar:10.1.20]
	at org.apache.tomcat.util.net.SocketProcessorBase.run(SocketProcessorBase.java:52) ~[tomcat-embed-core-10.1.20.jar:10.1.20]
	at org.apache.tomcat.util.threads.ThreadPoolExecutor.runWorker(ThreadPoolExecutor.java:1191) ~[tomcat-embed-core-10.1.20.jar:10.1.20]
	at org.apache.tomcat.util.threads.ThreadPoolExecutor$Worker.run(ThreadPoolExecutor.java:659) ~[tomcat-embed-core-10.1.20.jar:10.1.20]
	at org.apache.tomcat.util.threads.TaskThread$WrappingRunnable.run(TaskThread.java:63) ~[tomcat-embed-core-10.1.20.jar:10.1.20]
	at java.base/java.lang.Thread.run(Thread.java:1583) ~[na:na]

2026-03-29T23:02:31.232+08:00  INFO 31032 --- [vision-admin] [http-nio-8080-exec-10] c.v.d.controller.DashboardController     : 获取统计概览
2026-03-29T23:02:31.233+08:00 DEBUG 31032 --- [vision-admin] [http-nio-8080-exec-10] c.v.dashboard.service.DashboardService   : 开始获取统计概览数据
2026-03-29T23:03:22.732+08:00  INFO 31032 --- [vision-admin] [http-nio-8080-exec-1] c.v.d.controller.DashboardController     : 获取统计概览
2026-03-29T23:03:22.733+08:00 DEBUG 31032 --- [vision-admin] [http-nio-8080-exec-1] c.v.dashboard.service.DashboardService   : 开始获取统计概览数据
2026-03-29T23:03:25.038+08:00 DEBUG 31032 --- [vision-admin] [MessageBroker-9] c.v.capture.service.CaptureScheduler     : 开始扫描待抓图摄像头...
2026-03-29T23:03:25.042+08:00 DEBUG 31032 --- [vision-admin] [MessageBroker-9] c.v.capture.service.CaptureScheduler     : 无活跃摄像头需要抓图
2026-03-29T23:04:25.052+08:00 DEBUG 31032 --- [vision-admin] [MessageBroker-9] c.v.capture.service.CaptureScheduler     : 开始扫描待抓图摄像头...
2026-03-29T23:04:25.055+08:00 DEBUG 31032 --- [vision-admin] [MessageBroker-9] c.v.capture.service.CaptureScheduler     : 无活跃摄像头需要抓图
2026-03-29T23:05:25.065+08:00 DEBUG 31032 --- [vision-admin] [MessageBroker-9] c.v.capture.service.CaptureScheduler     : 开始扫描待抓图摄像头...
2026-03-29T23:05:25.068+08:00 DEBUG 31032 --- [vision-admin] [MessageBroker-9] c.v.capture.service.CaptureScheduler     : 无活跃摄像头需要抓图
2026-03-29T23:06:25.077+08:00 DEBUG 31032 --- [vision-admin] [MessageBroker-9] c.v.capture.service.CaptureScheduler     : 开始扫描待抓图摄像头...
2026-03-29T23:06:25.080+08:00 DEBUG 31032 --- [vision-admin] [MessageBroker-9] c.v.capture.service.CaptureScheduler     : 无活跃摄像头需要抓图
2026-03-29T23:08:07.937+08:00  INFO 52584 --- [vision-admin] [main] com.vision.VisionApplication             : Starting VisionApplication using Java 21 with PID 52584 (E:\workspace\backend\company\vision-repo\vision-admin\target\classes started by seefly in E:\workspace\backend\company\vision-repo\vision-admin)
2026-03-29T23:08:07.938+08:00 DEBUG 52584 --- [vision-admin] [main] com.vision.VisionApplication             : Running with Spring Boot v3.2.5, Spring v6.1.6
2026-03-29T23:08:07.939+08:00  INFO 52584 --- [vision-admin] [main] com.vision.VisionApplication             : The following 1 profile is active: "dev"
2026-03-29T23:08:08.737+08:00  INFO 52584 --- [vision-admin] [main] o.s.b.w.embedded.tomcat.TomcatWebServer  : Tomcat initialized with port 8080 (http)
2026-03-29T23:08:08.744+08:00  INFO 52584 --- [vision-admin] [main] o.apache.catalina.core.StandardService   : Starting service [Tomcat]
2026-03-29T23:08:08.745+08:00  INFO 52584 --- [vision-admin] [main] o.apache.catalina.core.StandardEngine    : Starting Servlet engine: [Apache Tomcat/10.1.20]
2026-03-29T23:08:08.793+08:00  INFO 52584 --- [vision-admin] [main] o.a.c.c.C.[Tomcat].[localhost].[/]       : Initializing Spring embedded WebApplicationContext
2026-03-29T23:08:08.794+08:00  INFO 52584 --- [vision-admin] [main] w.s.c.ServletWebServerApplicationContext : Root WebApplicationContext: initialization completed in 818 ms
2026-03-29T23:08:09.002+08:00 DEBUG 52584 --- [vision-admin] [main] c.b.m.e.s.MybatisSqlSessionFactoryBean   : Parsed mapper file: 'file [E:\workspace\backend\company\vision-repo\vision-admin\target\classes\mapper\alert\AlertMapper.xml]'
2026-03-29T23:08:09.017+08:00 DEBUG 52584 --- [vision-admin] [main] c.b.m.e.s.MybatisSqlSessionFactoryBean   : Parsed mapper file: 'file [E:\workspace\backend\company\vision-repo\vision-admin\target\classes\mapper\camera\CameraGroupMapper.xml]'
2026-03-29T23:08:09.032+08:00 DEBUG 52584 --- [vision-admin] [main] c.b.m.e.s.MybatisSqlSessionFactoryBean   : Parsed mapper file: 'file [E:\workspace\backend\company\vision-repo\vision-admin\target\classes\mapper\camera\CameraMapper.xml]'
2026-03-29T23:08:09.041+08:00 DEBUG 52584 --- [vision-admin] [main] c.b.m.e.s.MybatisSqlSessionFactoryBean   : Parsed mapper file: 'file [E:\workspace\backend\company\vision-repo\vision-admin\target\classes\mapper\inference\DetectionMapper.xml]'
2026-03-29T23:08:09.059+08:00 ERROR 52584 --- [vision-admin] [main] c.b.m.core.MybatisConfiguration          : mapper[com.vision.inference.mapper.InferenceMapper.countByTimeRange] is ignored, because it exists, maybe from xml file
2026-03-29T23:08:09.060+08:00 ERROR 52584 --- [vision-admin] [main] c.b.m.core.MybatisConfiguration          : mapper[com.vision.inference.mapper.InferenceMapper.selectPageByCondition] is ignored, because it exists, maybe from xml file
2026-03-29T23:08:09.068+08:00 DEBUG 52584 --- [vision-admin] [main] c.b.m.e.s.MybatisSqlSessionFactoryBean   : Parsed mapper file: 'file [E:\workspace\backend\company\vision-repo\vision-admin\target\classes\mapper\inference\InferenceMapper.xml]'
2026-03-29T23:08:09.079+08:00 DEBUG 52584 --- [vision-admin] [main] c.b.m.e.s.MybatisSqlSessionFactoryBean   : Parsed mapper file: 'file [E:\workspace\backend\company\vision-repo\vision-admin\target\classes\mapper\model\ModelMapper.xml]'
2026-03-29T23:08:09.088+08:00 DEBUG 52584 --- [vision-admin] [main] c.b.m.e.s.MybatisSqlSessionFactoryBean   : Parsed mapper file: 'file [E:\workspace\backend\company\vision-repo\vision-admin\target\classes\mapper\model\ModelVersionMapper.xml]'
2026-03-29T23:08:09.100+08:00 DEBUG 52584 --- [vision-admin] [main] c.b.m.e.s.MybatisSqlSessionFactoryBean   : Parsed mapper file: 'file [E:\workspace\backend\company\vision-repo\vision-admin\target\classes\mapper\rule\RuleConditionMapper.xml]'
2026-03-29T23:08:09.109+08:00 DEBUG 52584 --- [vision-admin] [main] c.b.m.e.s.MybatisSqlSessionFactoryBean   : Parsed mapper file: 'file [E:\workspace\backend\company\vision-repo\vision-admin\target\classes\mapper\rule\RuleMapper.xml]'
2026-03-29T23:08:09.145+08:00  INFO 52584 --- [vision-admin] [main] com.zaxxer.hikari.HikariDataSource       : HikariPool-1 - Starting...
2026-03-29T23:08:09.229+08:00  INFO 52584 --- [vision-admin] [main] com.zaxxer.hikari.pool.HikariPool        : HikariPool-1 - Added connection org.postgresql.jdbc.PgConnection@134a8ead
2026-03-29T23:08:09.230+08:00  INFO 52584 --- [vision-admin] [main] com.zaxxer.hikari.HikariDataSource       : HikariPool-1 - Start completed.
2026-03-29T23:08:09.285+08:00  INFO 52584 --- [vision-admin] [main] o.f.c.internal.license.VersionPrinter    : Flyway Community Edition 9.22.3 by Redgate
2026-03-29T23:08:09.285+08:00  INFO 52584 --- [vision-admin] [main] o.f.c.internal.license.VersionPrinter    : See release notes here: https://rd.gt/416ObMi
2026-03-29T23:08:09.285+08:00  INFO 52584 --- [vision-admin] [main] o.f.c.internal.license.VersionPrinter    : 
2026-03-29T23:08:09.320+08:00  WARN 52584 --- [vision-admin] [main] o.f.c.internal.database.base.Database    : Flyway upgrade recommended: PostgreSQL 16.0 is newer than this version of Flyway and support has not been tested. The latest supported version of PostgreSQL is 15.
2026-03-29T23:08:09.342+08:00  INFO 52584 --- [vision-admin] [main] o.f.core.internal.command.DbValidate     : Successfully validated 3 migrations (execution time 00:00.015s)
2026-03-29T23:08:09.359+08:00  INFO 52584 --- [vision-admin] [main] o.f.core.internal.command.DbMigrate      : Current version of schema "public": 2
2026-03-29T23:08:09.368+08:00  INFO 52584 --- [vision-admin] [main] o.f.core.internal.command.DbMigrate      : Migrating schema "public" to version "3 - add rule deployed"
2026-03-29T23:08:09.392+08:00  INFO 52584 --- [vision-admin] [main] o.f.core.internal.command.DbMigrate      : Successfully applied 1 migration to schema "public", now at version v3 (execution time 00:00.008s)
2026-03-29T23:08:09.529+08:00  INFO 52584 --- [vision-admin] [main] com.vision.config.StorageConfig          : Initializing local storage service with base path: ./data/files
2026-03-29T23:08:09.530+08:00  INFO 52584 --- [vision-admin] [main] com.vision.storage.LocalStorageService   : Local storage base directory created/verified: .\data\files
2026-03-29T23:08:09.986+08:00  INFO 52584 --- [vision-admin] [main] o.s.b.w.embedded.tomcat.TomcatWebServer  : Tomcat started on port 8080 (http) with context path ''
2026-03-29T23:08:09.987+08:00  INFO 52584 --- [vision-admin] [main] o.s.m.s.b.SimpleBrokerMessageHandler     : Starting...
2026-03-29T23:08:09.988+08:00  INFO 52584 --- [vision-admin] [main] o.s.m.s.b.SimpleBrokerMessageHandler     : BrokerAvailabilityEvent[available=true, SimpleBrokerMessageHandler [org.springframework.messaging.simp.broker.DefaultSubscriptionRegistry@26bce60d]]
2026-03-29T23:08:09.988+08:00  INFO 52584 --- [vision-admin] [main] o.s.m.s.b.SimpleBrokerMessageHandler     : Started.
2026-03-29T23:08:09.992+08:00  INFO 52584 --- [vision-admin] [main] com.vision.VisionApplication             : Started VisionApplication in 2.326 seconds (process running for 2.542)
2026-03-29T23:08:09.995+08:00 DEBUG 52584 --- [vision-admin] [main] c.b.m.a.DdlApplicationRunner             :   ...  DDL start create  ...  
2026-03-29T23:08:09.995+08:00 DEBUG 52584 --- [vision-admin] [main] c.b.m.a.DdlApplicationRunner             :   ...  DDL end create  ...  
2026-03-29T23:08:20.010+08:00 DEBUG 52584 --- [vision-admin] [MessageBroker-1] c.v.capture.service.CaptureScheduler     : 开始扫描待抓图摄像头...
2026-03-29T23:08:20.040+08:00 DEBUG 52584 --- [vision-admin] [MessageBroker-1] c.v.capture.service.CaptureScheduler     : 无活跃摄像头需要抓图
2026-03-29T23:09:09.975+08:00  INFO 52584 --- [vision-admin] [MessageBroker-2] o.s.w.s.c.WebSocketMessageBrokerStats    : WebSocketSession[0 current WS(0)-HttpStream(0)-HttpPoll(0), 0 total, 0 closed abnormally (0 connect failure, 0 send limit, 0 transport error)], stompSubProtocol[processed CONNECT(0)-CONNECTED(0)-DISCONNECT(0)], stompBrokerRelay[null], inboundChannel[pool size = 0, active threads = 0, queued tasks = 0, completed tasks = 0], outboundChannel[pool size = 0, active threads = 0, queued tasks = 0, completed tasks = 0], sockJsScheduler[pool size = 3, active threads = 1, queued tasks = 1, completed tasks = 1]
2026-03-29T23:09:20.052+08:00 DEBUG 52584 --- [vision-admin] [MessageBroker-1] c.v.capture.service.CaptureScheduler     : 开始扫描待抓图摄像头...
2026-03-29T23:09:20.055+08:00 DEBUG 52584 --- [vision-admin] [MessageBroker-1] c.v.capture.service.CaptureScheduler     : 无活跃摄像头需要抓图
2026-03-29T23:10:20.061+08:00 DEBUG 52584 --- [vision-admin] [MessageBroker-2] c.v.capture.service.CaptureScheduler     : 开始扫描待抓图摄像头...
2026-03-29T23:10:20.065+08:00 DEBUG 52584 --- [vision-admin] [MessageBroker-2] c.v.capture.service.CaptureScheduler     : 无活跃摄像头需要抓图
2026-03-29T23:11:20.073+08:00 DEBUG 52584 --- [vision-admin] [MessageBroker-3] c.v.capture.service.CaptureScheduler     : 开始扫描待抓图摄像头...
2026-03-29T23:11:20.076+08:00 DEBUG 52584 --- [vision-admin] [MessageBroker-3] c.v.capture.service.CaptureScheduler     : 无活跃摄像头需要抓图
2026-03-29T23:13:00.287+08:00  INFO 29376 --- [vision-admin] [main] com.vision.VisionApplication             : Starting VisionApplication using Java 21 with PID 29376 (E:\workspace\backend\company\vision-repo\vision-admin\target\classes started by seefly in E:\workspace\backend\company\vision-repo\vision-admin)
2026-03-29T23:13:00.290+08:00 DEBUG 29376 --- [vision-admin] [main] com.vision.VisionApplication             : Running with Spring Boot v3.2.5, Spring v6.1.6
2026-03-29T23:13:00.290+08:00  INFO 29376 --- [vision-admin] [main] com.vision.VisionApplication             : The following 1 profile is active: "dev"
2026-03-29T23:13:01.147+08:00  INFO 29376 --- [vision-admin] [main] o.s.b.w.embedded.tomcat.TomcatWebServer  : Tomcat initialized with port 8080 (http)
2026-03-29T23:13:01.156+08:00  INFO 29376 --- [vision-admin] [main] o.apache.catalina.core.StandardService   : Starting service [Tomcat]
2026-03-29T23:13:01.156+08:00  INFO 29376 --- [vision-admin] [main] o.apache.catalina.core.StandardEngine    : Starting Servlet engine: [Apache Tomcat/10.1.20]
2026-03-29T23:13:01.204+08:00  INFO 29376 --- [vision-admin] [main] o.a.c.c.C.[Tomcat].[localhost].[/]       : Initializing Spring embedded WebApplicationContext
2026-03-29T23:13:01.204+08:00  INFO 29376 --- [vision-admin] [main] w.s.c.ServletWebServerApplicationContext : Root WebApplicationContext: initialization completed in 874 ms
2026-03-29T23:13:01.410+08:00 DEBUG 29376 --- [vision-admin] [main] c.b.m.e.s.MybatisSqlSessionFactoryBean   : Parsed mapper file: 'file [E:\workspace\backend\company\vision-repo\vision-admin\target\classes\mapper\alert\AlertMapper.xml]'
2026-03-29T23:13:01.429+08:00 DEBUG 29376 --- [vision-admin] [main] c.b.m.e.s.MybatisSqlSessionFactoryBean   : Parsed mapper file: 'file [E:\workspace\backend\company\vision-repo\vision-admin\target\classes\mapper\camera\CameraGroupMapper.xml]'
2026-03-29T23:13:01.445+08:00 DEBUG 29376 --- [vision-admin] [main] c.b.m.e.s.MybatisSqlSessionFactoryBean   : Parsed mapper file: 'file [E:\workspace\backend\company\vision-repo\vision-admin\target\classes\mapper\camera\CameraMapper.xml]'
2026-03-29T23:13:01.456+08:00 DEBUG 29376 --- [vision-admin] [main] c.b.m.e.s.MybatisSqlSessionFactoryBean   : Parsed mapper file: 'file [E:\workspace\backend\company\vision-repo\vision-admin\target\classes\mapper\inference\DetectionMapper.xml]'
2026-03-29T23:13:01.481+08:00 DEBUG 29376 --- [vision-admin] [main] c.b.m.e.s.MybatisSqlSessionFactoryBean   : Parsed mapper file: 'file [E:\workspace\backend\company\vision-repo\vision-admin\target\classes\mapper\inference\InferenceMapper.xml]'
2026-03-29T23:13:01.494+08:00 DEBUG 29376 --- [vision-admin] [main] c.b.m.e.s.MybatisSqlSessionFactoryBean   : Parsed mapper file: 'file [E:\workspace\backend\company\vision-repo\vision-admin\target\classes\mapper\model\ModelMapper.xml]'
2026-03-29T23:13:01.504+08:00 DEBUG 29376 --- [vision-admin] [main] c.b.m.e.s.MybatisSqlSessionFactoryBean   : Parsed mapper file: 'file [E:\workspace\backend\company\vision-repo\vision-admin\target\classes\mapper\model\ModelVersionMapper.xml]'
2026-03-29T23:13:01.516+08:00 DEBUG 29376 --- [vision-admin] [main] c.b.m.e.s.MybatisSqlSessionFactoryBean   : Parsed mapper file: 'file [E:\workspace\backend\company\vision-repo\vision-admin\target\classes\mapper\rule\RuleConditionMapper.xml]'
2026-03-29T23:13:01.527+08:00 DEBUG 29376 --- [vision-admin] [main] c.b.m.e.s.MybatisSqlSessionFactoryBean   : Parsed mapper file: 'file [E:\workspace\backend\company\vision-repo\vision-admin\target\classes\mapper\rule\RuleMapper.xml]'
2026-03-29T23:13:01.563+08:00  INFO 29376 --- [vision-admin] [main] com.zaxxer.hikari.HikariDataSource       : HikariPool-1 - Starting...
2026-03-29T23:13:01.647+08:00  INFO 29376 --- [vision-admin] [main] com.zaxxer.hikari.pool.HikariPool        : HikariPool-1 - Added connection org.postgresql.jdbc.PgConnection@22f8adc2
2026-03-29T23:13:01.649+08:00  INFO 29376 --- [vision-admin] [main] com.zaxxer.hikari.HikariDataSource       : HikariPool-1 - Start completed.
2026-03-29T23:13:01.693+08:00  INFO 29376 --- [vision-admin] [main] o.f.c.internal.license.VersionPrinter    : Flyway Community Edition 9.22.3 by Redgate
2026-03-29T23:13:01.693+08:00  INFO 29376 --- [vision-admin] [main] o.f.c.internal.license.VersionPrinter    : See release notes here: https://rd.gt/416ObMi
2026-03-29T23:13:01.693+08:00  INFO 29376 --- [vision-admin] [main] o.f.c.internal.license.VersionPrinter    : 
2026-03-29T23:13:01.712+08:00  WARN 29376 --- [vision-admin] [main] o.f.c.internal.database.base.Database    : Flyway upgrade recommended: PostgreSQL 16.0 is newer than this version of Flyway and support has not been tested. The latest supported version of PostgreSQL is 15.
2026-03-29T23:13:01.735+08:00  INFO 29376 --- [vision-admin] [main] o.f.core.internal.command.DbValidate     : Successfully validated 3 migrations (execution time 00:00.016s)
2026-03-29T23:13:01.762+08:00  INFO 29376 --- [vision-admin] [main] o.f.core.internal.command.DbMigrate      : Current version of schema "public": 3
2026-03-29T23:13:01.764+08:00  INFO 29376 --- [vision-admin] [main] o.f.core.internal.command.DbMigrate      : Schema "public" is up to date. No migration necessary.
2026-03-29T23:13:01.895+08:00  INFO 29376 --- [vision-admin] [main] com.vision.config.StorageConfig          : Initializing local storage service with base path: ./data/files
2026-03-29T23:13:01.896+08:00  INFO 29376 --- [vision-admin] [main] com.vision.storage.LocalStorageService   : Local storage base directory created/verified: .\data\files
2026-03-29T23:13:02.336+08:00  INFO 29376 --- [vision-admin] [main] o.s.b.w.embedded.tomcat.TomcatWebServer  : Tomcat started on port 8080 (http) with context path ''
2026-03-29T23:13:02.337+08:00  INFO 29376 --- [vision-admin] [main] o.s.m.s.b.SimpleBrokerMessageHandler     : Starting...
2026-03-29T23:13:02.337+08:00  INFO 29376 --- [vision-admin] [main] o.s.m.s.b.SimpleBrokerMessageHandler     : BrokerAvailabilityEvent[available=true, SimpleBrokerMessageHandler [org.springframework.messaging.simp.broker.DefaultSubscriptionRegistry@6c1bebca]]
2026-03-29T23:13:02.337+08:00  INFO 29376 --- [vision-admin] [main] o.s.m.s.b.SimpleBrokerMessageHandler     : Started.
2026-03-29T23:13:02.342+08:00  INFO 29376 --- [vision-admin] [main] com.vision.VisionApplication             : Started VisionApplication in 2.354 seconds (process running for 2.593)
2026-03-29T23:13:02.344+08:00 DEBUG 29376 --- [vision-admin] [main] c.b.m.a.DdlApplicationRunner             :   ...  DDL start create  ...  
2026-03-29T23:13:02.344+08:00 DEBUG 29376 --- [vision-admin] [main] c.b.m.a.DdlApplicationRunner             :   ...  DDL end create  ...  
2026-03-29T23:13:12.345+08:00 DEBUG 29376 --- [vision-admin] [MessageBroker-1] c.v.capture.service.CaptureScheduler     : 开始扫描待抓图摄像头...
2026-03-29T23:13:12.374+08:00 DEBUG 29376 --- [vision-admin] [MessageBroker-1] c.v.capture.service.CaptureScheduler     : 无活跃摄像头需要抓图
2026-03-29T23:14:02.329+08:00  INFO 29376 --- [vision-admin] [MessageBroker-2] o.s.w.s.c.WebSocketMessageBrokerStats    : WebSocketSession[0 current WS(0)-HttpStream(0)-HttpPoll(0), 0 total, 0 closed abnormally (0 connect failure, 0 send limit, 0 transport error)], stompSubProtocol[processed CONNECT(0)-CONNECTED(0)-DISCONNECT(0)], stompBrokerRelay[null], inboundChannel[pool size = 0, active threads = 0, queued tasks = 0, completed tasks = 0], outboundChannel[pool size = 0, active threads = 0, queued tasks = 0, completed tasks = 0], sockJsScheduler[pool size = 3, active threads = 1, queued tasks = 1, completed tasks = 1]
2026-03-29T23:14:05.688+08:00  INFO 29376 --- [vision-admin] [http-nio-8080-exec-1] o.a.c.c.C.[Tomcat].[localhost].[/]       : Initializing Spring DispatcherServlet 'dispatcherServlet'
2026-03-29T23:14:05.688+08:00  INFO 29376 --- [vision-admin] [http-nio-8080-exec-1] o.s.web.servlet.DispatcherServlet        : Initializing Servlet 'dispatcherServlet'
2026-03-29T23:14:05.689+08:00  INFO 29376 --- [vision-admin] [http-nio-8080-exec-1] o.s.web.servlet.DispatcherServlet        : Completed initialization in 1 ms
2026-03-29T23:14:05.708+08:00  INFO 29376 --- [vision-admin] [http-nio-8080-exec-1] c.v.d.controller.DashboardController     : 获取统计概览
2026-03-29T23:14:05.708+08:00 DEBUG 29376 --- [vision-admin] [http-nio-8080-exec-1] c.v.dashboard.service.DashboardService   : 开始获取统计概览数据
2026-03-29T23:14:12.386+08:00 DEBUG 29376 --- [vision-admin] [MessageBroker-1] c.v.capture.service.CaptureScheduler     : 开始扫描待抓图摄像头...
2026-03-29T23:14:12.390+08:00 DEBUG 29376 --- [vision-admin] [MessageBroker-1] c.v.capture.service.CaptureScheduler     : 无活跃摄像头需要抓图
2026-03-29T23:15:12.391+08:00 DEBUG 29376 --- [vision-admin] [MessageBroker-2] c.v.capture.service.CaptureScheduler     : 开始扫描待抓图摄像头...
2026-03-29T23:15:12.395+08:00 DEBUG 29376 --- [vision-admin] [MessageBroker-2] c.v.capture.service.CaptureScheduler     : 无活跃摄像头需要抓图
2026-03-29T23:15:28.734+08:00  INFO 29376 --- [vision-admin] [http-nio-8080-exec-8] c.v.d.controller.DashboardController     : 获取统计概览
2026-03-29T23:15:28.734+08:00 DEBUG 29376 --- [vision-admin] [http-nio-8080-exec-8] c.v.dashboard.service.DashboardService   : 开始获取统计概览数据
2026-03-29T23:15:30.212+08:00  INFO 29376 --- [vision-admin] [http-nio-8080-exec-9] c.v.d.controller.DashboardController     : 获取统计概览
2026-03-29T23:15:30.212+08:00 DEBUG 29376 --- [vision-admin] [http-nio-8080-exec-9] c.v.dashboard.service.DashboardService   : 开始获取统计概览数据
2026-03-29T23:15:38.127+08:00  INFO 29376 --- [vision-admin] [http-nio-8080-exec-2] c.v.d.controller.DashboardController     : 获取统计概览
2026-03-29T23:15:38.127+08:00 DEBUG 29376 --- [vision-admin] [http-nio-8080-exec-2] c.v.dashboard.service.DashboardService   : 开始获取统计概览数据
2026-03-29T23:15:38.177+08:00  INFO 29376 --- [vision-admin] [http-nio-8080-exec-8] c.v.d.controller.DashboardController     : 获取统计概览
2026-03-29T23:15:38.177+08:00 DEBUG 29376 --- [vision-admin] [http-nio-8080-exec-8] c.v.dashboard.service.DashboardService   : 开始获取统计概览数据
2026-03-29T23:15:45.331+08:00  INFO 29376 --- [vision-admin] [http-nio-8080-exec-9] c.v.d.controller.DashboardController     : 获取统计概览
2026-03-29T23:15:45.332+08:00 DEBUG 29376 --- [vision-admin] [http-nio-8080-exec-9] c.v.dashboard.service.DashboardService   : 开始获取统计概览数据
2026-03-29T23:16:12.397+08:00 DEBUG 29376 --- [vision-admin] [MessageBroker-3] c.v.capture.service.CaptureScheduler     : 开始扫描待抓图摄像头...
2026-03-29T23:16:12.401+08:00 DEBUG 29376 --- [vision-admin] [MessageBroker-3] c.v.capture.service.CaptureScheduler     : 无活跃摄像头需要抓图
2026-03-29T23:17:12.410+08:00 DEBUG 29376 --- [vision-admin] [MessageBroker-5] c.v.capture.service.CaptureScheduler     : 开始扫描待抓图摄像头...
2026-03-29T23:17:12.414+08:00 DEBUG 29376 --- [vision-admin] [MessageBroker-5] c.v.capture.service.CaptureScheduler     : 无活跃摄像头需要抓图
2026-03-29T23:18:12.424+08:00 DEBUG 29376 --- [vision-admin] [MessageBroker-2] c.v.capture.service.CaptureScheduler     : 开始扫描待抓图摄像头...
2026-03-29T23:18:12.428+08:00 DEBUG 29376 --- [vision-admin] [MessageBroker-2] c.v.capture.service.CaptureScheduler     : 无活跃摄像头需要抓图
2026-03-29T23:19:12.435+08:00 DEBUG 29376 --- [vision-admin] [MessageBroker-1] c.v.capture.service.CaptureScheduler     : 开始扫描待抓图摄像头...
2026-03-29T23:19:12.441+08:00 DEBUG 29376 --- [vision-admin] [MessageBroker-1] c.v.capture.service.CaptureScheduler     : 无活跃摄像头需要抓图
2026-03-29T23:20:12.450+08:00 DEBUG 29376 --- [vision-admin] [MessageBroker-7] c.v.capture.service.CaptureScheduler     : 开始扫描待抓图摄像头...
2026-03-29T23:20:12.453+08:00 DEBUG 29376 --- [vision-admin] [MessageBroker-7] c.v.capture.service.CaptureScheduler     : 无活跃摄像头需要抓图
2026-03-29T23:21:12.466+08:00 DEBUG 29376 --- [vision-admin] [MessageBroker-5] c.v.capture.service.CaptureScheduler     : 开始扫描待抓图摄像头...
2026-03-29T23:21:12.468+08:00 DEBUG 29376 --- [vision-admin] [MessageBroker-5] c.v.capture.service.CaptureScheduler     : 无活跃摄像头需要抓图
2026-03-29T23:22:12.471+08:00 DEBUG 29376 --- [vision-admin] [MessageBroker-6] c.v.capture.service.CaptureScheduler     : 开始扫描待抓图摄像头...
2026-03-29T23:22:12.475+08:00 DEBUG 29376 --- [vision-admin] [MessageBroker-6] c.v.capture.service.CaptureScheduler     : 无活跃摄像头需要抓图
